Using pre-set license
Built from '2022.3/staging' branch; Version is '2022.3.11f1 (d00248457e15) revision 13632072'; Using compiler version '192829333'; Build Type 'Release'
OS: 'Windows 11  (10.0.22621) 64bit CoreSingleLanguage' Language: 'en' Physical Memory: 15776 MB
BatchMode: 1, IsHumanControllingUs: 0, StartBugReporterOnCrash: 0, Is64bit: 1, IsPro: 1

COMMAND LINE ARGUMENTS:
D:\unity\Unity Setup\2022.3.11f1\Editor\Unity.exe
-adb2
-batchMode
-noUpm
-name
AssetImportWorker1
-projectPath
D:/market Simulator/Cafe Simulator/Cafe-Simulator
-logFile
Logs/AssetImportWorker1.log
-srvPort
58193
Successfully changed project path to: D:/market Simulator/Cafe Simulator/Cafe-Simulator
D:/market Simulator/Cafe Simulator/Cafe-Simulator
[UnityMemory] Configuration Parameters - Can be set up in boot.config
    "memorysetup-bucket-allocator-granularity=16"
    "memorysetup-bucket-allocator-bucket-count=8"
    "memorysetup-bucket-allocator-block-size=33554432"
    "memorysetup-bucket-allocator-block-count=8"
    "memorysetup-main-allocator-block-size=16777216"
    "memorysetup-thread-allocator-block-size=16777216"
    "memorysetup-gfx-main-allocator-block-size=16777216"
    "memorysetup-gfx-thread-allocator-block-size=16777216"
    "memorysetup-cache-allocator-block-size=4194304"
    "memorysetup-typetree-allocator-block-size=2097152"
    "memorysetup-profiler-bucket-allocator-granularity=16"
    "memorysetup-profiler-bucket-allocator-bucket-count=8"
    "memorysetup-profiler-bucket-allocator-block-size=33554432"
    "memorysetup-profiler-bucket-allocator-block-count=8"
    "memorysetup-profiler-allocator-block-size=16777216"
    "memorysetup-profiler-editor-allocator-block-size=1048576"
    "memorysetup-temp-allocator-size-main=16777216"
    "memorysetup-job-temp-allocator-block-size=2097152"
    "memorysetup-job-temp-allocator-block-size-background=1048576"
    "memorysetup-job-temp-allocator-reduction-small-platforms=262144"
    "memorysetup-allocator-temp-initial-block-size-main=262144"
    "memorysetup-allocator-temp-initial-block-size-worker=262144"
    "memorysetup-temp-allocator-size-background-worker=32768"
    "memorysetup-temp-allocator-size-job-worker=262144"
    "memorysetup-temp-allocator-size-preload-manager=33554432"
    "memorysetup-temp-allocator-size-nav-mesh-worker=65536"
    "memorysetup-temp-allocator-size-audio-worker=65536"
    "memorysetup-temp-allocator-size-cloud-worker=32768"
    "memorysetup-temp-allocator-size-gi-baking-worker=262144"
    "memorysetup-temp-allocator-size-gfx=262144"
Player connection [28520] Host "[IP] 192.168.0.102 [Port] 0 [Flags] 2 [Guid] 1901066510 [EditorId] 1901066510 [Version] 1048832 [Id] WindowsEditor(7,Spectacles) [Debug] 1 [PackageName] WindowsEditor [ProjectName] Editor" joined multi-casting on [225.0.0.222:54997]...

Player connection [28520] Host "[IP] 192.168.0.102 [Port] 0 [Flags] 2 [Guid] 1901066510 [EditorId] 1901066510 [Version] 1048832 [Id] WindowsEditor(7,Spectacles) [Debug] 1 [PackageName] WindowsEditor [ProjectName] Editor" joined alternative multi-casting on [225.0.0.222:34997]...

[Physics::Module] Initialized MultithreadedJobDispatcher with 11 workers.
Refreshing native plugins compatible for Editor in 7.47 ms, found 3 plugins.
Preloading 0 native plugins for Editor in 0.00 ms.
Initialize engine version: 2022.3.11f1 (d00248457e15)
[Subsystems] Discovering subsystems at path D:/unity/Unity Setup/2022.3.11f1/Editor/Data/Resources/UnitySubsystems
[Subsystems] Discovering subsystems at path D:/market Simulator/Cafe Simulator/Cafe-Simulator/Assets
GfxDevice: creating device client; threaded=0; jobified=0
Direct3D:
    Version:  Direct3D 11.0 [level 11.1]
    Renderer: NVIDIA GeForce RTX 3050 Laptop GPU (ID=0x25a5)
    Vendor:   NVIDIA
    VRAM:     3977 MB
    Driver:   31.0.15.3645
Initialize mono
Mono path[0] = 'D:/unity/Unity Setup/2022.3.11f1/Editor/Data/Managed'
Mono path[1] = 'D:/unity/Unity Setup/2022.3.11f1/Editor/Data/MonoBleedingEdge/lib/mono/unityjit-win32'
Mono config path = 'D:/unity/Unity Setup/2022.3.11f1/Editor/Data/MonoBleedingEdge/etc'
Using monoOptions --debugger-agent=transport=dt_socket,embedding=1,server=y,suspend=n,address=127.0.0.1:56252
Begin MonoManager ReloadAssembly
Registering precompiled unity dll's ...
Register platform support module: D:/unity/Unity Setup/2022.3.11f1/Editor/Data/PlaybackEngines/WebGLSupport/UnityEditor.WebGL.Extensions.dll
Register platform support module: D:/unity/Unity Setup/2022.3.11f1/Editor/Data/PlaybackEngines/WindowsStandaloneSupport/UnityEditor.WindowsStandalone.Extensions.dll
Registered in 0.005165 seconds.
- Loaded All Assemblies, in  0.428 seconds
Native extension for WindowsStandalone target not found
Native extension for WebGL target not found
Mono: successfully reloaded assembly
- Finished resetting the current domain, in  0.311 seconds
Domain Reload Profiling: 739ms
	BeginReloadAssembly (138ms)
		ExecutionOrderSort (0ms)
		DisableScriptedObjects (0ms)
		BackupInstance (0ms)
		ReleaseScriptingObjects (0ms)
		CreateAndSetChildDomain (1ms)
	RebuildCommonClasses (34ms)
	RebuildNativeTypeToScriptingClass (9ms)
	initialDomainReloadingComplete (52ms)
	LoadAllAssembliesAndSetupDomain (195ms)
		LoadAssemblies (138ms)
		RebuildTransferFunctionScriptingTraits (0ms)
		AnalyzeDomain (192ms)
			TypeCache.Refresh (190ms)
				TypeCache.ScanAssembly (171ms)
			ScanForSourceGeneratedMonoScriptInfo (1ms)
			ResolveRequiredComponents (1ms)
	FinalizeReload (311ms)
		ReleaseScriptCaches (0ms)
		RebuildScriptCaches (0ms)
		SetupLoadedEditorAssemblies (252ms)
			LogAssemblyErrors (0ms)
			InitializePlatformSupportModulesInManaged (10ms)
			SetLoadedEditorAssemblies (5ms)
			RefreshPlugins (0ms)
			BeforeProcessingInitializeOnLoad (2ms)
			ProcessInitializeOnLoadAttributes (178ms)
			ProcessInitializeOnLoadMethodAttributes (57ms)
			AfterProcessingInitializeOnLoad (0ms)
			EditorAssembliesLoaded (0ms)
		ExecutionOrderSort2 (0ms)
		AwakeInstancesAfterBackupRestoration (0ms)
========================================================================
Worker process is ready to serve import requests
Begin MonoManager ReloadAssembly
- Loaded All Assemblies, in  0.626 seconds
Refreshing native plugins compatible for Editor in 2.66 ms, found 3 plugins.
Native extension for WindowsStandalone target not found
Native extension for WebGL target not found
Package Manager log level set to [2]
[Package Manager] Server::EnsureServerProcessIsRunning -- launch failed, reason: Unity was launched with the -noUpm command-line argument
[Package Manager] UpmClient::Send -- Unable to send message (not connected to UPM process).
[Package Manager] Cannot connect to Unity Package Manager local server
Mono: successfully reloaded assembly
- Finished resetting the current domain, in  0.595 seconds
Domain Reload Profiling: 1220ms
	BeginReloadAssembly (181ms)
		ExecutionOrderSort (0ms)
		DisableScriptedObjects (5ms)
		BackupInstance (0ms)
		ReleaseScriptingObjects (0ms)
		CreateAndSetChildDomain (25ms)
	RebuildCommonClasses (38ms)
	RebuildNativeTypeToScriptingClass (10ms)
	initialDomainReloadingComplete (41ms)
	LoadAllAssembliesAndSetupDomain (356ms)
		LoadAssemblies (323ms)
		RebuildTransferFunctionScriptingTraits (0ms)
		AnalyzeDomain (150ms)
			TypeCache.Refresh (133ms)
				TypeCache.ScanAssembly (121ms)
			ScanForSourceGeneratedMonoScriptInfo (12ms)
			ResolveRequiredComponents (3ms)
	FinalizeReload (595ms)
		ReleaseScriptCaches (0ms)
		RebuildScriptCaches (0ms)
		SetupLoadedEditorAssemblies (472ms)
			LogAssemblyErrors (0ms)
			InitializePlatformSupportModulesInManaged (5ms)
			SetLoadedEditorAssemblies (3ms)
			RefreshPlugins (0ms)
			BeforeProcessingInitializeOnLoad (46ms)
			ProcessInitializeOnLoadAttributes (398ms)
			ProcessInitializeOnLoadMethodAttributes (19ms)
			AfterProcessingInitializeOnLoad (2ms)
			EditorAssembliesLoaded (0ms)
		ExecutionOrderSort2 (0ms)
		AwakeInstancesAfterBackupRestoration (7ms)
Launched and connected shader compiler UnityShaderCompiler.exe after 0.06 seconds
Refreshing native plugins compatible for Editor in 2.94 ms, found 3 plugins.
Preloading 0 native plugins for Editor in 0.00 ms.
Unloading 3133 Unused Serialized files (Serialized files now loaded: 0)
Unloading 32 unused Assets / (57.0 KB). Loaded Objects now: 3597.
Memory consumption went from 128.4 MB to 128.3 MB.
Total: 3.859100 ms (FindLiveObjects: 0.293700 ms CreateObjectMapping: 0.236600 ms MarkObjects: 3.122500 ms  DeleteObjects: 0.204900 ms)

AssetImportParameters requested are different than current active one (requested -> active):
  custom:container-demuxer-ogg: 62fdf1f143b41e24485cea50d1cbac27 -> 
  custom:video-codec-MediaFoundation-h265: 746d11721c4dcdbdad8f713fa42b33f4 -> 
  custom:video-decoder-ogg-theora: a1e56fd34408186e4bbccfd4996cb3dc -> 
  custom:framework-win-MediaFoundation: 216162199b28c13a410421893ffa2e32 -> 
  custom:CustomObjectIndexerAttribute: 756ad292c208cfabdd7b50bc23989ffe -> 
  custom:container-demuxer-webm: 4f35f7cbe854078d1ac9338744f61a02 -> 
  custom:container-muxer-webm: aa71ff27fc2769a1b78a27578f13a17b -> 
  custom:video-decoder-webm-vp8: 9c59270c3fd7afecdb556c50c9e8de78 -> 
  custom:SearchIndexIgnoredProperties: e643bd26f0fe6173181afceb89e7c659 -> 
  custom:AudioImporter_EditorPlatform: d09bf68614088b80899f8185d706f6e7 -> 
  custom:video-encoder-webm-vp8: eb34c28f22e8b96e1ab97ce403110664 -> 
  custom:audio-decoder-ogg-vorbis: bf7c407c2cedff20999df2af8eb42d56 -> 
  custom:audio-encoder-webm-vorbis: bf7c407c2cedff20999df2af8eb42d56 -> 
========================================================================
Received Import Request.
  Time since last request: 17986.589609 seconds.
  path: Assets/Model Asset/CoffeeShopStarterPack/Test/ScreenShots/PW_doughnut_blackNwhite.png
  artifactKey: Guid(82f105e42ed6e4e5ba846ee18f9bdcf4) Importer(815301076,1909f56bfc062723c751e8b465ee728b)
Start importing Assets/Model Asset/CoffeeShopStarterPack/Test/ScreenShots/PW_doughnut_blackNwhite.png using Guid(82f105e42ed6e4e5ba846ee18f9bdcf4) Importer(815301076,1909f56bfc062723c751e8b465ee728b)  -> (artifact id: '574597adb46b337edba4de8b70e6bfd6') in 0.073250 seconds
Number of updated asset objects reloaded before import = 0
Number of asset objects unloaded after import = 3
========================================================================
Received Import Request.
  Time since last request: 0.632031 seconds.
  path: Assets/Model Asset/CoffeeShopStarterPack/Test/ScreenShots/PW_doughnut_white.png
  artifactKey: Guid(1befce7aa164647fd8b3d58b79c85dc6) Importer(815301076,1909f56bfc062723c751e8b465ee728b)
Start importing Assets/Model Asset/CoffeeShopStarterPack/Test/ScreenShots/PW_doughnut_white.png using Guid(1befce7aa164647fd8b3d58b79c85dc6) Importer(815301076,1909f56bfc062723c751e8b465ee728b)  -> (artifact id: '3539659d90de28c4e811540076c42e2f') in 0.018441 seconds
Number of updated asset objects reloaded before import = 0
Number of asset objects unloaded after import = 3
========================================================================
Received Import Request.
  Time since last request: 0.000015 seconds.
  path: Assets/Model Asset/CoffeeShopStarterPack/Test/ScreenShots/PW_espressomachine.png
  artifactKey: Guid(e1d96890d641c445983edec525651e72) Importer(815301076,1909f56bfc062723c751e8b465ee728b)
Start importing Assets/Model Asset/CoffeeShopStarterPack/Test/ScreenShots/PW_espressomachine.png using Guid(e1d96890d641c445983edec525651e72) Importer(815301076,1909f56bfc062723c751e8b465ee728b)  -> (artifact id: '5d25feff4328468bad74c3080914df59') in 0.023769 seconds
Number of updated asset objects reloaded before import = 0
Number of asset objects unloaded after import = 3
========================================================================
Received Import Request.
  Time since last request: 0.016025 seconds.
  path: Assets/Model Asset/CoffeeShopStarterPack/Test/ScreenShots/PW_frenchtoast_egg.png
  artifactKey: Guid(74c73b788bccb48c5b18f904091b0626) Importer(815301076,1909f56bfc062723c751e8b465ee728b)
Start importing Assets/Model Asset/CoffeeShopStarterPack/Test/ScreenShots/PW_frenchtoast_egg.png using Guid(74c73b788bccb48c5b18f904091b0626) Importer(815301076,1909f56bfc062723c751e8b465ee728b)  -> (artifact id: '45a269c91e4f8679ec7fa5dbcda4809a') in 0.020492 seconds
Number of updated asset objects reloaded before import = 0
Number of asset objects unloaded after import = 3
========================================================================
Received Import Request.
  Time since last request: 0.000019 seconds.
  path: Assets/Model Asset/CoffeeShopStarterPack/Test/ScreenShots/PW_frenchtoast_orange.png
  artifactKey: Guid(30bfd2d25a8c34fe0b534e927c307e1d) Importer(815301076,1909f56bfc062723c751e8b465ee728b)
Start importing Assets/Model Asset/CoffeeShopStarterPack/Test/ScreenShots/PW_frenchtoast_orange.png using Guid(30bfd2d25a8c34fe0b534e927c307e1d) Importer(815301076,1909f56bfc062723c751e8b465ee728b)  -> (artifact id: 'dbf8b011eedb596a611b04cdba83986f') in 0.027977 seconds
Number of updated asset objects reloaded before import = 0
Number of asset objects unloaded after import = 3
========================================================================
Received Import Request.
  Time since last request: 0.000018 seconds.
  path: Assets/Model Asset/CoffeeShopStarterPack/Test/ScreenShots/PW_frenchtoast_olives.png
  artifactKey: Guid(763621fca9c634c4b9c4780023673743) Importer(815301076,1909f56bfc062723c751e8b465ee728b)
Start importing Assets/Model Asset/CoffeeShopStarterPack/Test/ScreenShots/PW_frenchtoast_olives.png using Guid(763621fca9c634c4b9c4780023673743) Importer(815301076,1909f56bfc062723c751e8b465ee728b)  -> (artifact id: 'e890853ed1c8abd837b9615ebe157e3c') in 0.017386 seconds
Number of updated asset objects reloaded before import = 0
Number of asset objects unloaded after import = 3
========================================================================
Received Import Request.
  Time since last request: 0.431772 seconds.
  path: Assets/Model Asset/CoffeeShopStarterPack/Test/ScreenShots/PW_macaron_tower.png
  artifactKey: Guid(28e49fb694bf84aed8a4d4e4d6fa1877) Importer(815301076,1909f56bfc062723c751e8b465ee728b)
Start importing Assets/Model Asset/CoffeeShopStarterPack/Test/ScreenShots/PW_macaron_tower.png using Guid(28e49fb694bf84aed8a4d4e4d6fa1877) Importer(815301076,1909f56bfc062723c751e8b465ee728b)  -> (artifact id: 'd0c27b839ff1dd760600e2c4e49689b3') in 0.012315 seconds
Number of updated asset objects reloaded before import = 0
Number of asset objects unloaded after import = 3
========================================================================
Received Import Request.
  Time since last request: 0.031175 seconds.
  path: Assets/Model Asset/CoffeeShopStarterPack/Test/ScreenShots/PW_microwave.png
  artifactKey: Guid(3988d3cd4652d4d9abefd165167d4389) Importer(815301076,1909f56bfc062723c751e8b465ee728b)
Start importing Assets/Model Asset/CoffeeShopStarterPack/Test/ScreenShots/PW_microwave.png using Guid(3988d3cd4652d4d9abefd165167d4389) Importer(815301076,1909f56bfc062723c751e8b465ee728b)  -> (artifact id: '2244213808c6f56f659431d10c337b1e') in 0.011856 seconds
Number of updated asset objects reloaded before import = 0
Number of asset objects unloaded after import = 3
========================================================================
Received Import Request.
  Time since last request: 0.000013 seconds.
  path: Assets/Model Asset/CoffeeShopStarterPack/Test/ScreenShots/PW_mochapot.png
  artifactKey: Guid(fb8c3486afdb7436c91ccd145a9a812d) Importer(815301076,1909f56bfc062723c751e8b465ee728b)
Start importing Assets/Model Asset/CoffeeShopStarterPack/Test/ScreenShots/PW_mochapot.png using Guid(fb8c3486afdb7436c91ccd145a9a812d) Importer(815301076,1909f56bfc062723c751e8b465ee728b)  -> (artifact id: '05d8b2477ef81b7892065b5e3992a6cf') in 0.013414 seconds
Number of updated asset objects reloaded before import = 0
Number of asset objects unloaded after import = 3
========================================================================
Received Import Request.
  Time since last request: 0.045206 seconds.
  path: Assets/Model Asset/CoffeeShopStarterPack/Test/ScreenShots/PW_paper.png
  artifactKey: Guid(b87227806ceb14a4196f7333d19b3d10) Importer(815301076,1909f56bfc062723c751e8b465ee728b)
Start importing Assets/Model Asset/CoffeeShopStarterPack/Test/ScreenShots/PW_paper.png using Guid(b87227806ceb14a4196f7333d19b3d10) Importer(815301076,1909f56bfc062723c751e8b465ee728b)  -> (artifact id: '2689e01d9a4ee26847a5ce2d2ee72ca2') in 0.012252 seconds
Number of updated asset objects reloaded before import = 0
Number of asset objects unloaded after import = 3
========================================================================
Received Import Request.
  Time since last request: 0.303035 seconds.
  path: Assets/Model Asset/CoffeeShopStarterPack/Test/ScreenShots/PW_plate02.png
  artifactKey: Guid(2545ee32d1f92470fbbc9d909fa6ae5a) Importer(815301076,1909f56bfc062723c751e8b465ee728b)
Start importing Assets/Model Asset/CoffeeShopStarterPack/Test/ScreenShots/PW_plate02.png using Guid(2545ee32d1f92470fbbc9d909fa6ae5a) Importer(815301076,1909f56bfc062723c751e8b465ee728b)  -> (artifact id: 'a77f2c8d179e602dcec577fe81bd45ce') in 0.010652 seconds
Number of updated asset objects reloaded before import = 0
Number of asset objects unloaded after import = 3
========================================================================
Received Import Request.
  Time since last request: 0.058176 seconds.
  path: Assets/Model Asset/CoffeeShopStarterPack/Test/ScreenShots/PW_sculent01_S.png
  artifactKey: Guid(6187bd9b5aeaf45789b30a403cf287f8) Importer(815301076,1909f56bfc062723c751e8b465ee728b)
Start importing Assets/Model Asset/CoffeeShopStarterPack/Test/ScreenShots/PW_sculent01_S.png using Guid(6187bd9b5aeaf45789b30a403cf287f8) Importer(815301076,1909f56bfc062723c751e8b465ee728b)  -> (artifact id: '61ab89f411ec3579ad36a9a3693df08b') in 0.010881 seconds
Number of updated asset objects reloaded before import = 0
Number of asset objects unloaded after import = 3
========================================================================
Received Import Request.
  Time since last request: 0.000013 seconds.
  path: Assets/Model Asset/CoffeeShopStarterPack/Test/ScreenShots/PW_tea_cup01.png
  artifactKey: Guid(11f9b9c8e8d90455db73fd7145af978a) Importer(815301076,1909f56bfc062723c751e8b465ee728b)
Start importing Assets/Model Asset/CoffeeShopStarterPack/Test/ScreenShots/PW_tea_cup01.png using Guid(11f9b9c8e8d90455db73fd7145af978a) Importer(815301076,1909f56bfc062723c751e8b465ee728b)  -> (artifact id: '5c0864cdca95b46701293631f137573a') in 0.013627 seconds
Number of updated asset objects reloaded before import = 0
Number of asset objects unloaded after import = 3
========================================================================
Received Import Request.
  Time since last request: 0.000015 seconds.
  path: Assets/Model Asset/CoffeeShopStarterPack/Test/ScreenShots/PW_sculent02_S.png
  artifactKey: Guid(3cdea628d18ad4f0d9336d3697f665fe) Importer(815301076,1909f56bfc062723c751e8b465ee728b)
Start importing Assets/Model Asset/CoffeeShopStarterPack/Test/ScreenShots/PW_sculent02_S.png using Guid(3cdea628d18ad4f0d9336d3697f665fe) Importer(815301076,1909f56bfc062723c751e8b465ee728b)  -> (artifact id: '4493e0e53aa2f0af2df50efa538aa0a5') in 0.011848 seconds
Number of updated asset objects reloaded before import = 0
Number of asset objects unloaded after import = 3
========================================================================
Received Import Request.
  Time since last request: 0.323170 seconds.
  path: Assets/Model Asset/CoffeeShopStarterPack/Test/ScreenShots/PW_tea_pot.png
  artifactKey: Guid(e84d44fe80fc44d0aa21744494abca4f) Importer(815301076,1909f56bfc062723c751e8b465ee728b)
Start importing Assets/Model Asset/CoffeeShopStarterPack/Test/ScreenShots/PW_tea_pot.png using Guid(e84d44fe80fc44d0aa21744494abca4f) Importer(815301076,1909f56bfc062723c751e8b465ee728b)  -> (artifact id: 'b13f40bd94b6f717344708b8f0cad395') in 0.012278 seconds
Number of updated asset objects reloaded before import = 0
Number of asset objects unloaded after import = 3
========================================================================
Received Import Request.
  Time since last request: 0.055214 seconds.
  path: Assets/Model Asset/CoffeeShopStarterPack/UI/rubbish-bin.png
  artifactKey: Guid(a5bf8ae78094a49e5aebb55468c3c5c5) Importer(815301076,1909f56bfc062723c751e8b465ee728b)
Start importing Assets/Model Asset/CoffeeShopStarterPack/UI/rubbish-bin.png using Guid(a5bf8ae78094a49e5aebb55468c3c5c5) Importer(815301076,1909f56bfc062723c751e8b465ee728b)  -> (artifact id: 'a2b488846dbf2729e90a7f13a0dc46ea') in 0.010937 seconds
Number of updated asset objects reloaded before import = 0
Number of asset objects unloaded after import = 3
Editor requested this worker to shutdown with reason: Scaling down because of idle timeout
TcpMessagingSession - receive error: operation aborted. errorcode: 995, details: The I/O operation has been aborted because of either a thread exit or an application request.
AssetImportWorker is now disconnected from the server
Process exiting
Exiting without the bug reporter. Application will terminate with return code 0