Using pre-set license
Built from '2022.3/staging' branch; Version is '2022.3.11f1 (d00248457e15) revision 13632072'; Using compiler version '192829333'; Build Type 'Release'
OS: 'Windows 11  (10.0.22621) 64bit CoreSingleLanguage' Language: 'en' Physical Memory: 15776 MB
BatchMode: 1, IsHumanControllingUs: 0, StartBugReporterOnCrash: 0, Is64bit: 1, IsPro: 1

COMMAND LINE ARGUMENTS:
D:\unity\Unity Setup\2022.3.11f1\Editor\Unity.exe
-adb2
-batchMode
-noUpm
-name
AssetImportWorker2
-projectPath
D:/market Simulator/Market Simulator
-logFile
Logs/AssetImportWorker2.log
-srvPort
50384
Successfully changed project path to: D:/market Simulator/Market Simulator
D:/market Simulator/Market Simulator
[UnityMemory] Configuration Parameters - Can be set up in boot.config
    "memorysetup-bucket-allocator-granularity=16"
    "memorysetup-bucket-allocator-bucket-count=8"
    "memorysetup-bucket-allocator-block-size=33554432"
    "memorysetup-bucket-allocator-block-count=8"
    "memorysetup-main-allocator-block-size=16777216"
    "memorysetup-thread-allocator-block-size=16777216"
    "memorysetup-gfx-main-allocator-block-size=16777216"
    "memorysetup-gfx-thread-allocator-block-size=16777216"
    "memorysetup-cache-allocator-block-size=4194304"
    "memorysetup-typetree-allocator-block-size=2097152"
    "memorysetup-profiler-bucket-allocator-granularity=16"
    "memorysetup-profiler-bucket-allocator-bucket-count=8"
    "memorysetup-profiler-bucket-allocator-block-size=33554432"
    "memorysetup-profiler-bucket-allocator-block-count=8"
    "memorysetup-profiler-allocator-block-size=16777216"
    "memorysetup-profiler-editor-allocator-block-size=1048576"
    "memorysetup-temp-allocator-size-main=16777216"
    "memorysetup-job-temp-allocator-block-size=2097152"
    "memorysetup-job-temp-allocator-block-size-background=1048576"
    "memorysetup-job-temp-allocator-reduction-small-platforms=262144"
    "memorysetup-allocator-temp-initial-block-size-main=262144"
    "memorysetup-allocator-temp-initial-block-size-worker=262144"
    "memorysetup-temp-allocator-size-background-worker=32768"
    "memorysetup-temp-allocator-size-job-worker=262144"
    "memorysetup-temp-allocator-size-preload-manager=33554432"
    "memorysetup-temp-allocator-size-nav-mesh-worker=65536"
    "memorysetup-temp-allocator-size-audio-worker=65536"
    "memorysetup-temp-allocator-size-cloud-worker=32768"
    "memorysetup-temp-allocator-size-gi-baking-worker=262144"
    "memorysetup-temp-allocator-size-gfx=262144"
Player connection [3108] Host "[IP] 192.168.0.100 [Port] 0 [Flags] 2 [Guid] 3102824562 [EditorId] 3102824562 [Version] 1048832 [Id] WindowsEditor(7,Spectacles) [Debug] 1 [PackageName] WindowsEditor [ProjectName] Editor" joined multi-casting on [225.0.0.222:54997]...

Player connection [3108] Host "[IP] 192.168.0.100 [Port] 0 [Flags] 2 [Guid] 3102824562 [EditorId] 3102824562 [Version] 1048832 [Id] WindowsEditor(7,Spectacles) [Debug] 1 [PackageName] WindowsEditor [ProjectName] Editor" joined alternative multi-casting on [225.0.0.222:34997]...

[Physics::Module] Initialized MultithreadedJobDispatcher with 11 workers.
Refreshing native plugins compatible for Editor in 8.11 ms, found 3 plugins.
Preloading 0 native plugins for Editor in 0.00 ms.
Initialize engine version: 2022.3.11f1 (d00248457e15)
[Subsystems] Discovering subsystems at path D:/unity/Unity Setup/2022.3.11f1/Editor/Data/Resources/UnitySubsystems
[Subsystems] Discovering subsystems at path D:/market Simulator/Market Simulator/Assets
GfxDevice: creating device client; threaded=0; jobified=0
Direct3D:
    Version:  Direct3D 11.0 [level 11.1]
    Renderer: NVIDIA GeForce RTX 3050 Laptop GPU (ID=0x25a5)
    Vendor:   NVIDIA
    VRAM:     3977 MB
    Driver:   31.0.15.3645
Initialize mono
Mono path[0] = 'D:/unity/Unity Setup/2022.3.11f1/Editor/Data/Managed'
Mono path[1] = 'D:/unity/Unity Setup/2022.3.11f1/Editor/Data/MonoBleedingEdge/lib/mono/unityjit-win32'
Mono config path = 'D:/unity/Unity Setup/2022.3.11f1/Editor/Data/MonoBleedingEdge/etc'
Using monoOptions --debugger-agent=transport=dt_socket,embedding=1,server=y,suspend=n,address=127.0.0.1:56964
Begin MonoManager ReloadAssembly
Registering precompiled unity dll's ...
Register platform support module: D:/unity/Unity Setup/2022.3.11f1/Editor/Data/PlaybackEngines/WebGLSupport/UnityEditor.WebGL.Extensions.dll
Register platform support module: D:/unity/Unity Setup/2022.3.11f1/Editor/Data/PlaybackEngines/WindowsStandaloneSupport/UnityEditor.WindowsStandalone.Extensions.dll
Registered in 0.006481 seconds.
- Loaded All Assemblies, in  0.405 seconds
Native extension for WindowsStandalone target not found
Native extension for WebGL target not found
Mono: successfully reloaded assembly
- Finished resetting the current domain, in  0.276 seconds
Domain Reload Profiling: 681ms
	BeginReloadAssembly (125ms)
		ExecutionOrderSort (0ms)
		DisableScriptedObjects (0ms)
		BackupInstance (0ms)
		ReleaseScriptingObjects (0ms)
		CreateAndSetChildDomain (1ms)
	RebuildCommonClasses (38ms)
	RebuildNativeTypeToScriptingClass (9ms)
	initialDomainReloadingComplete (63ms)
	LoadAllAssembliesAndSetupDomain (170ms)
		LoadAssemblies (126ms)
		RebuildTransferFunctionScriptingTraits (0ms)
		AnalyzeDomain (166ms)
			TypeCache.Refresh (164ms)
				TypeCache.ScanAssembly (151ms)
			ScanForSourceGeneratedMonoScriptInfo (1ms)
			ResolveRequiredComponents (1ms)
	FinalizeReload (276ms)
		ReleaseScriptCaches (0ms)
		RebuildScriptCaches (0ms)
		SetupLoadedEditorAssemblies (212ms)
			LogAssemblyErrors (0ms)
			InitializePlatformSupportModulesInManaged (9ms)
			SetLoadedEditorAssemblies (6ms)
			RefreshPlugins (0ms)
			BeforeProcessingInitializeOnLoad (2ms)
			ProcessInitializeOnLoadAttributes (141ms)
			ProcessInitializeOnLoadMethodAttributes (54ms)
			AfterProcessingInitializeOnLoad (0ms)
			EditorAssembliesLoaded (0ms)
		ExecutionOrderSort2 (0ms)
		AwakeInstancesAfterBackupRestoration (0ms)
========================================================================
Worker process is ready to serve import requests
Begin MonoManager ReloadAssembly
- Loaded All Assemblies, in  0.651 seconds
Refreshing native plugins compatible for Editor in 3.63 ms, found 3 plugins.
Native extension for WindowsStandalone target not found
Native extension for WebGL target not found
Package Manager log level set to [2]
[Package Manager] Server::EnsureServerProcessIsRunning -- launch failed, reason: Unity was launched with the -noUpm command-line argument
[Package Manager] UpmClient::Send -- Unable to send message (not connected to UPM process).
[Package Manager] Cannot connect to Unity Package Manager local server
Mono: successfully reloaded assembly
- Finished resetting the current domain, in  0.910 seconds
Domain Reload Profiling: 1562ms
	BeginReloadAssembly (175ms)
		ExecutionOrderSort (0ms)
		DisableScriptedObjects (6ms)
		BackupInstance (0ms)
		ReleaseScriptingObjects (0ms)
		CreateAndSetChildDomain (23ms)
	RebuildCommonClasses (30ms)
	RebuildNativeTypeToScriptingClass (9ms)
	initialDomainReloadingComplete (45ms)
	LoadAllAssembliesAndSetupDomain (392ms)
		LoadAssemblies (314ms)
		RebuildTransferFunctionScriptingTraits (0ms)
		AnalyzeDomain (185ms)
			TypeCache.Refresh (162ms)
				TypeCache.ScanAssembly (145ms)
			ScanForSourceGeneratedMonoScriptInfo (18ms)
			ResolveRequiredComponents (3ms)
	FinalizeReload (911ms)
		ReleaseScriptCaches (0ms)
		RebuildScriptCaches (0ms)
		SetupLoadedEditorAssemblies (740ms)
			LogAssemblyErrors (0ms)
			InitializePlatformSupportModulesInManaged (6ms)
			SetLoadedEditorAssemblies (4ms)
			RefreshPlugins (0ms)
			BeforeProcessingInitializeOnLoad (61ms)
			ProcessInitializeOnLoadAttributes (630ms)
			ProcessInitializeOnLoadMethodAttributes (31ms)
			AfterProcessingInitializeOnLoad (9ms)
			EditorAssembliesLoaded (0ms)
		ExecutionOrderSort2 (0ms)
		AwakeInstancesAfterBackupRestoration (19ms)
Launched and connected shader compiler UnityShaderCompiler.exe after 0.06 seconds
Refreshing native plugins compatible for Editor in 2.59 ms, found 3 plugins.
Preloading 0 native plugins for Editor in 0.00 ms.
Unloading 3115 Unused Serialized files (Serialized files now loaded: 0)
Unloading 32 unused Assets / (56.8 KB). Loaded Objects now: 3578.
Memory consumption went from 124.2 MB to 124.1 MB.
Total: 3.354900 ms (FindLiveObjects: 0.240200 ms CreateObjectMapping: 0.159700 ms MarkObjects: 2.854300 ms  DeleteObjects: 0.099900 ms)

AssetImportParameters requested are different than current active one (requested -> active):
  custom:container-demuxer-ogg: 62fdf1f143b41e24485cea50d1cbac27 -> 
  custom:video-codec-MediaFoundation-h265: 746d11721c4dcdbdad8f713fa42b33f4 -> 
  custom:video-decoder-ogg-theora: a1e56fd34408186e4bbccfd4996cb3dc -> 
  custom:framework-win-MediaFoundation: 216162199b28c13a410421893ffa2e32 -> 
  custom:container-demuxer-webm: 4f35f7cbe854078d1ac9338744f61a02 -> 
  custom:container-muxer-webm: aa71ff27fc2769a1b78a27578f13a17b -> 
  custom:video-decoder-webm-vp8: 9c59270c3fd7afecdb556c50c9e8de78 -> 
  custom:AudioImporter_EditorPlatform: d09bf68614088b80899f8185d706f6e7 -> 
  custom:video-encoder-webm-vp8: eb34c28f22e8b96e1ab97ce403110664 -> 
  custom:audio-decoder-ogg-vorbis: bf7c407c2cedff20999df2af8eb42d56 -> 
  custom:audio-encoder-webm-vorbis: bf7c407c2cedff20999df2af8eb42d56 -> 
========================================================================
Received Import Request.
  Time since last request: 85.155418 seconds.
  path: Assets/CoffeeShopStarterPack/Prefabs/PW_display_cube02.prefab
  artifactKey: Guid(446c50f18dcf54a6f8feb4113c421b9e) Importer(815301076,1909f56bfc062723c751e8b465ee728b)
Start importing Assets/CoffeeShopStarterPack/Prefabs/PW_display_cube02.prefab using Guid(446c50f18dcf54a6f8feb4113c421b9e) Importer(815301076,1909f56bfc062723c751e8b465ee728b)  -> (artifact id: 'bd5f01533e1bd3ca3f166a70ef48a5f3') in 0.106033 seconds
Number of updated asset objects reloaded before import = 0
Number of asset objects unloaded after import = 10
========================================================================
Received Import Request.
  Time since last request: 0.429403 seconds.
  path: Assets/CoffeeShopStarterPack/Prefabs/PW_frenchtoas_cherry_tomato.prefab
  artifactKey: Guid(3d66c34ece81a4e88b0918ae6e9e4b83) Importer(815301076,1909f56bfc062723c751e8b465ee728b)
Start importing Assets/CoffeeShopStarterPack/Prefabs/PW_frenchtoas_cherry_tomato.prefab using Guid(3d66c34ece81a4e88b0918ae6e9e4b83) Importer(815301076,1909f56bfc062723c751e8b465ee728b)  -> (artifact id: 'fe36156a8b5ec7e08ac5819913068c9f') in 0.012595 seconds
Number of updated asset objects reloaded before import = 0
Number of asset objects unloaded after import = 30
========================================================================
Received Import Request.
  Time since last request: 0.052588 seconds.
  path: Assets/CoffeeShopStarterPack/Prefabs/PW_frenchtoast_olives.prefab
  artifactKey: Guid(340d47ae895ab4f1cb1c63107c57ff7f) Importer(815301076,1909f56bfc062723c751e8b465ee728b)
Start importing Assets/CoffeeShopStarterPack/Prefabs/PW_frenchtoast_olives.prefab using Guid(340d47ae895ab4f1cb1c63107c57ff7f) Importer(815301076,1909f56bfc062723c751e8b465ee728b)  -> (artifact id: 'cf5e95761711f4232e197d1e686f8cb8') in 0.015024 seconds
Number of updated asset objects reloaded before import = 0
Number of asset objects unloaded after import = 30
========================================================================
Received Import Request.
  Time since last request: 0.000830 seconds.
  path: Assets/CoffeeShopStarterPack/Prefabs/PW_frenchtoast_strawberry.prefab
  artifactKey: Guid(9acf341c571a948e389aa24e4b77dbd2) Importer(815301076,1909f56bfc062723c751e8b465ee728b)
Start importing Assets/CoffeeShopStarterPack/Prefabs/PW_frenchtoast_strawberry.prefab using Guid(9acf341c571a948e389aa24e4b77dbd2) Importer(815301076,1909f56bfc062723c751e8b465ee728b)  -> (artifact id: 'f51fe3db96ae82036979c8b016cbc4c2') in 0.013886 seconds
Number of updated asset objects reloaded before import = 0
Number of asset objects unloaded after import = 30
========================================================================
Received Import Request.
  Time since last request: 0.052221 seconds.
  path: Assets/CoffeeShopStarterPack/Prefabs/PW_lemonade.prefab
  artifactKey: Guid(7b9e9044605a04568a0c9d41cebd7913) Importer(815301076,1909f56bfc062723c751e8b465ee728b)
Start importing Assets/CoffeeShopStarterPack/Prefabs/PW_lemonade.prefab using Guid(7b9e9044605a04568a0c9d41cebd7913) Importer(815301076,1909f56bfc062723c751e8b465ee728b)  -> (artifact id: '212a5dda1833ffe7adfdf980cd12887e') in 0.013684 seconds
Number of updated asset objects reloaded before import = 0
Number of asset objects unloaded after import = 25
========================================================================
Received Import Request.
  Time since last request: 0.000022 seconds.
  path: Assets/CoffeeShopStarterPack/Prefabs/PW_microwave.prefab
  artifactKey: Guid(67b6bd8afc16f482b8cdff490a857fa8) Importer(815301076,1909f56bfc062723c751e8b465ee728b)
Start importing Assets/CoffeeShopStarterPack/Prefabs/PW_microwave.prefab using Guid(67b6bd8afc16f482b8cdff490a857fa8) Importer(815301076,1909f56bfc062723c751e8b465ee728b)  -> (artifact id: 'f9150ca6beeed4a35ee818a6c9bb9c04') in 0.014055 seconds
Number of updated asset objects reloaded before import = 0
Number of asset objects unloaded after import = 32
========================================================================
Received Import Request.
  Time since last request: 0.522868 seconds.
  path: Assets/CoffeeShopStarterPack/Prefabs/PW_mochapot.prefab
  artifactKey: Guid(bbfd91b99086b4acb9d41d225cf41bb2) Importer(815301076,1909f56bfc062723c751e8b465ee728b)
Start importing Assets/CoffeeShopStarterPack/Prefabs/PW_mochapot.prefab using Guid(bbfd91b99086b4acb9d41d225cf41bb2) Importer(815301076,1909f56bfc062723c751e8b465ee728b)  -> (artifact id: '682571dcacacfe4119cafaa86e6fd09a') in 0.010776 seconds
Number of updated asset objects reloaded before import = 0
Number of asset objects unloaded after import = 10
========================================================================
Received Import Request.
  Time since last request: 0.107530 seconds.
  path: Assets/CoffeeShopStarterPack/Prefabs/PW_pan.prefab
  artifactKey: Guid(f3e44870c7d004aa3a92cdfabc5207bc) Importer(815301076,1909f56bfc062723c751e8b465ee728b)
Start importing Assets/CoffeeShopStarterPack/Prefabs/PW_pan.prefab using Guid(f3e44870c7d004aa3a92cdfabc5207bc) Importer(815301076,1909f56bfc062723c751e8b465ee728b)  -> (artifact id: 'a404dbf6a599bd0b67d6d6718624709e') in 0.011559 seconds
Number of updated asset objects reloaded before import = 0
Number of asset objects unloaded after import = 10
========================================================================
Received Import Request.
  Time since last request: 0.051098 seconds.
  path: Assets/CoffeeShopStarterPack/Prefabs/PW_plate01.prefab
  artifactKey: Guid(36aa94bb9e7364945ad8a487c4c3ee62) Importer(815301076,1909f56bfc062723c751e8b465ee728b)
Start importing Assets/CoffeeShopStarterPack/Prefabs/PW_plate01.prefab using Guid(36aa94bb9e7364945ad8a487c4c3ee62) Importer(815301076,1909f56bfc062723c751e8b465ee728b)  -> (artifact id: '93f1c3b2e8da0c477883e7cd0442faf3') in 0.010418 seconds
Number of updated asset objects reloaded before import = 0
Number of asset objects unloaded after import = 10
========================================================================
Received Import Request.
  Time since last request: 0.069097 seconds.
  path: Assets/CoffeeShopStarterPack/Prefabs/PW_sculent01_M.prefab
  artifactKey: Guid(a880b7f20a3694308be2bff57c22dd9b) Importer(815301076,1909f56bfc062723c751e8b465ee728b)
Start importing Assets/CoffeeShopStarterPack/Prefabs/PW_sculent01_M.prefab using Guid(a880b7f20a3694308be2bff57c22dd9b) Importer(815301076,1909f56bfc062723c751e8b465ee728b)  -> (artifact id: '9af73d14e8ba57c9238d28e0c6a68b7f') in 0.011603 seconds
Number of updated asset objects reloaded before import = 0
Number of asset objects unloaded after import = 37
========================================================================
Received Import Request.
  Time since last request: 20.499388 seconds.
  path: Assets/CoffeeShopStarterPack/Prefabs/PW_sculent02_M.prefab
  artifactKey: Guid(57d0183927158465caf394ee21052bb5) Importer(815301076,1909f56bfc062723c751e8b465ee728b)
Start importing Assets/CoffeeShopStarterPack/Prefabs/PW_sculent02_M.prefab using Guid(57d0183927158465caf394ee21052bb5) Importer(815301076,1909f56bfc062723c751e8b465ee728b)  -> (artifact id: '43c08a844139dc20b42c5d7071eb9ef2') in 0.006826 seconds
Number of updated asset objects reloaded before import = 0
Number of asset objects unloaded after import = 30
========================================================================
Received Import Request.
  Time since last request: 0.088365 seconds.
  path: Assets/CoffeeShopStarterPack/Prefabs/PW_stove.prefab
  artifactKey: Guid(2bb858b872f0f4fb89e1d1263c276480) Importer(815301076,1909f56bfc062723c751e8b465ee728b)
Start importing Assets/CoffeeShopStarterPack/Prefabs/PW_stove.prefab using Guid(2bb858b872f0f4fb89e1d1263c276480) Importer(815301076,1909f56bfc062723c751e8b465ee728b)  -> (artifact id: 'aa93ca4051e94a9ac13b091447b20e25') in 0.010202 seconds
Number of updated asset objects reloaded before import = 0
Number of asset objects unloaded after import = 44
========================================================================
Received Import Request.
  Time since last request: 0.028222 seconds.
  path: Assets/CoffeeShopStarterPack/Prefabs/PW_tea_cup02.prefab
  artifactKey: Guid(806ac5fcbcc474da28cf79b0a4df73a1) Importer(815301076,1909f56bfc062723c751e8b465ee728b)
Start importing Assets/CoffeeShopStarterPack/Prefabs/PW_tea_cup02.prefab using Guid(806ac5fcbcc474da28cf79b0a4df73a1) Importer(815301076,1909f56bfc062723c751e8b465ee728b)  -> (artifact id: '98c1e4adca1674ce281aa18997a86740') in 0.007222 seconds
Number of updated asset objects reloaded before import = 0
Number of asset objects unloaded after import = 24
========================================================================
Received Import Request.
  Time since last request: 101.615919 seconds.
  path: Assets/CoffeeShopStarterPack/Prefabs/PW_toast_cheese.prefab
  artifactKey: Guid(8ba0ff2adae60496aac6d2b5df996d23) Importer(815301076,1909f56bfc062723c751e8b465ee728b)
Start importing Assets/CoffeeShopStarterPack/Prefabs/PW_toast_cheese.prefab using Guid(8ba0ff2adae60496aac6d2b5df996d23) Importer(815301076,1909f56bfc062723c751e8b465ee728b)  -> (artifact id: '27a0b24b098802f1507257920db7ea2c') in 0.008370 seconds
Number of updated asset objects reloaded before import = 0
Number of asset objects unloaded after import = 30
========================================================================
Received Import Request.
  Time since last request: 68.101907 seconds.
  path: Assets/Building FastFood Drinks/Materials/Black.mat
  artifactKey: Guid(81dca6bac8972d84097771af6295bd87) Importer(815301076,1909f56bfc062723c751e8b465ee728b)
Start importing Assets/Building FastFood Drinks/Materials/Black.mat using Guid(81dca6bac8972d84097771af6295bd87) Importer(815301076,1909f56bfc062723c751e8b465ee728b)  -> (artifact id: 'd5064aa6bebc404eb8ef8f115bcf71aa') in 0.019924 seconds
Number of updated asset objects reloaded before import = 0
Number of asset objects unloaded after import = 1
========================================================================
Received Import Request.
  Time since last request: 0.784935 seconds.
  path: Assets/Building FastFood Drinks/Materials/Brick 3.mat
  artifactKey: Guid(51cb0ba8181d5cc41b0fb4cd407135b7) Importer(815301076,1909f56bfc062723c751e8b465ee728b)
Start importing Assets/Building FastFood Drinks/Materials/Brick 3.mat using Guid(51cb0ba8181d5cc41b0fb4cd407135b7) Importer(815301076,1909f56bfc062723c751e8b465ee728b)  -> (artifact id: '21396d163b43dead3536b03492a33f5a') in 0.013073 seconds
Number of updated asset objects reloaded before import = 0
Number of asset objects unloaded after import = 2
========================================================================
Received Import Request.
  Time since last request: 0.000013 seconds.
  path: Assets/Building FastFood Drinks/Materials/Pixel Stripes.mat
  artifactKey: Guid(1ff4a61141350764197a3e9d6a32d5f6) Importer(815301076,1909f56bfc062723c751e8b465ee728b)
Start importing Assets/Building FastFood Drinks/Materials/Pixel Stripes.mat using Guid(1ff4a61141350764197a3e9d6a32d5f6) Importer(815301076,1909f56bfc062723c751e8b465ee728b)  -> (artifact id: 'f7dee64231931d26c071aa5b4946b38b') in 0.011382 seconds
Number of updated asset objects reloaded before import = 0
Number of asset objects unloaded after import = 2
========================================================================
Received Import Request.
  Time since last request: 0.000017 seconds.
  path: Assets/Building FastFood Drinks/Materials/Window Transparent.mat
  artifactKey: Guid(f7e7ab93232671e4fabed600fab37309) Importer(815301076,1909f56bfc062723c751e8b465ee728b)
Start importing Assets/Building FastFood Drinks/Materials/Window Transparent.mat using Guid(f7e7ab93232671e4fabed600fab37309) Importer(815301076,1909f56bfc062723c751e8b465ee728b)  -> (artifact id: '0483eb5c1aa655aa42fee3902f5ca18e') in 0.007575 seconds
Number of updated asset objects reloaded before import = 0
Number of asset objects unloaded after import = 1
========================================================================
Received Import Request.
  Time since last request: 0.000033 seconds.
  path: Assets/Building FastFood Drinks/Materials/Wood Floor 10.mat
  artifactKey: Guid(b0c5b9169c97fcf428c39110b307a2b5) Importer(815301076,1909f56bfc062723c751e8b465ee728b)
Start importing Assets/Building FastFood Drinks/Materials/Wood Floor 10.mat using Guid(b0c5b9169c97fcf428c39110b307a2b5) Importer(815301076,1909f56bfc062723c751e8b465ee728b)  -> (artifact id: '1904f1c5343f932b7d9612ec5eb58115') in 0.010148 seconds
Number of updated asset objects reloaded before import = 0
Number of asset objects unloaded after import = 2
========================================================================
Received Import Request.
  Time since last request: 0.000019 seconds.
  path: Assets/Building FastFood Drinks/Materials/Building 1.mat
  artifactKey: Guid(c4b8cc852baa1ef4cb4bf7bd3b8e7a85) Importer(815301076,1909f56bfc062723c751e8b465ee728b)
Start importing Assets/Building FastFood Drinks/Materials/Building 1.mat using Guid(c4b8cc852baa1ef4cb4bf7bd3b8e7a85) Importer(815301076,1909f56bfc062723c751e8b465ee728b)  -> (artifact id: '51f5bc458d87b797cf7c7b9ced6098e5') in 0.008186 seconds
Number of updated asset objects reloaded before import = 0
Number of asset objects unloaded after import = 1
========================================================================
Received Import Request.
  Time since last request: 0.000022 seconds.
  path: Assets/Building FastFood Drinks/Materials/SideWalk Sqaure.mat
  artifactKey: Guid(7f4b2c11e1a48934f85271e23253007e) Importer(815301076,1909f56bfc062723c751e8b465ee728b)
Start importing Assets/Building FastFood Drinks/Materials/SideWalk Sqaure.mat using Guid(7f4b2c11e1a48934f85271e23253007e) Importer(815301076,1909f56bfc062723c751e8b465ee728b)  -> (artifact id: '42509ec2cac5dd95347bb6d715a8abcc') in 0.009572 seconds
Number of updated asset objects reloaded before import = 0
Number of asset objects unloaded after import = 2
========================================================================
Received Import Request.
  Time since last request: 1.505748 seconds.
  path: Assets/Building FastFood Drinks/Prefabs/Chair.prefab
  artifactKey: Guid(15ddf9943ebd5df4dbcfd147b62f2d50) Importer(815301076,1909f56bfc062723c751e8b465ee728b)
Start importing Assets/Building FastFood Drinks/Prefabs/Chair.prefab using Guid(15ddf9943ebd5df4dbcfd147b62f2d50) Importer(815301076,1909f56bfc062723c751e8b465ee728b)  -> (artifact id: '68f9556967992aeb26bb52fd61718ceb') in 0.005997 seconds
Number of updated asset objects reloaded before import = 0
Number of asset objects unloaded after import = 9
========================================================================
Received Import Request.
  Time since last request: 0.000012 seconds.
  path: Assets/Building FastFood Drinks/Prefabs/FastFood_Drinks.prefab
  artifactKey: Guid(86e477d6015698b4ca2d27d2f2be9c3c) Importer(815301076,1909f56bfc062723c751e8b465ee728b)
Start importing Assets/Building FastFood Drinks/Prefabs/FastFood_Drinks.prefab using Guid(86e477d6015698b4ca2d27d2f2be9c3c) Importer(815301076,1909f56bfc062723c751e8b465ee728b)  -> (artifact id: '9887665594fbdd5cd6dbf66d7fc28dd0') in 0.028135 seconds
Number of updated asset objects reloaded before import = 0
Number of asset objects unloaded after import = 25
========================================================================
Received Import Request.
  Time since last request: 0.000013 seconds.
  path: Assets/Building FastFood Drinks/Prefabs/Recycle.prefab
  artifactKey: Guid(d63b220afbb42e849ba9bcea6fbc7b61) Importer(815301076,1909f56bfc062723c751e8b465ee728b)
Start importing Assets/Building FastFood Drinks/Prefabs/Recycle.prefab using Guid(d63b220afbb42e849ba9bcea6fbc7b61) Importer(815301076,1909f56bfc062723c751e8b465ee728b)  -> (artifact id: '8e4ca1582e7800faeb5629cbaa66f6bc') in 0.006422 seconds
Number of updated asset objects reloaded before import = 0
Number of asset objects unloaded after import = 11
========================================================================
Received Import Request.
  Time since last request: 0.000014 seconds.
  path: Assets/Building FastFood Drinks/Prefabs/sign 1.prefab
  artifactKey: Guid(dd822655a2c27774384b42f5a3705fdc) Importer(815301076,1909f56bfc062723c751e8b465ee728b)
Start importing Assets/Building FastFood Drinks/Prefabs/sign 1.prefab using Guid(dd822655a2c27774384b42f5a3705fdc) Importer(815301076,1909f56bfc062723c751e8b465ee728b)  -> (artifact id: '38d2b4deac5b20dd4240e0fada8ca6dd') in 0.008720 seconds
Number of updated asset objects reloaded before import = 0
Number of asset objects unloaded after import = 11
========================================================================
Received Import Request.
  Time since last request: 0.000024 seconds.
  path: Assets/Building FastFood Drinks/Prefabs/Trash.asset
  artifactKey: Guid(e731fcbd34ae77d48903d52765c5dfce) Importer(815301076,1909f56bfc062723c751e8b465ee728b)
Start importing Assets/Building FastFood Drinks/Prefabs/Trash.asset using Guid(e731fcbd34ae77d48903d52765c5dfce) Importer(815301076,1909f56bfc062723c751e8b465ee728b)  -> (artifact id: 'b87e60d0fb6b771778cb83e0384570ad') in 0.024326 seconds
Number of updated asset objects reloaded before import = 0
Number of asset objects unloaded after import = 2
========================================================================
Received Import Request.
  Time since last request: 0.000021 seconds.
  path: Assets/Building FastFood Drinks/Prefabs/Trash.prefab
  artifactKey: Guid(5453ebb91441a724f80f7758feae5e98) Importer(815301076,1909f56bfc062723c751e8b465ee728b)
Start importing Assets/Building FastFood Drinks/Prefabs/Trash.prefab using Guid(5453ebb91441a724f80f7758feae5e98) Importer(815301076,1909f56bfc062723c751e8b465ee728b)  -> (artifact id: 'e0b0cc058172ff578a0dad1196eb48ce') in 0.008065 seconds
Number of updated asset objects reloaded before import = 0
Number of asset objects unloaded after import = 11
========================================================================
Received Import Request.
  Time since last request: 0.000017 seconds.
  path: Assets/Building FastFood Drinks/Prefabs/Soda Machine.asset
  artifactKey: Guid(3f50dc5080dd2004e88e3dbf858dbd72) Importer(815301076,1909f56bfc062723c751e8b465ee728b)
Start importing Assets/Building FastFood Drinks/Prefabs/Soda Machine.asset using Guid(3f50dc5080dd2004e88e3dbf858dbd72) Importer(815301076,1909f56bfc062723c751e8b465ee728b)  -> (artifact id: 'c09bed76561eb4fe352dc1a7d3a98893') in 0.007056 seconds
Number of updated asset objects reloaded before import = 0
Number of asset objects unloaded after import = 2
========================================================================
Received Import Request.
  Time since last request: 0.000015 seconds.
  path: Assets/Building FastFood Drinks/Prefabs/Monitor.prefab
  artifactKey: Guid(9f66f3a5776112d499c30bee40f0956e) Importer(815301076,1909f56bfc062723c751e8b465ee728b)
Start importing Assets/Building FastFood Drinks/Prefabs/Monitor.prefab using Guid(9f66f3a5776112d499c30bee40f0956e) Importer(815301076,1909f56bfc062723c751e8b465ee728b)  -> (artifact id: '09b8fc25bdcc4b57e47f0258d7563073') in 0.008657 seconds
Number of updated asset objects reloaded before import = 0
Number of asset objects unloaded after import = 10
========================================================================
Received Import Request.
  Time since last request: 0.000017 seconds.
  path: Assets/Building FastFood Drinks/Prefabs/sign.prefab
  artifactKey: Guid(d9b6c63dea8730f43a1891fabe4fa192) Importer(815301076,1909f56bfc062723c751e8b465ee728b)
Start importing Assets/Building FastFood Drinks/Prefabs/sign.prefab using Guid(d9b6c63dea8730f43a1891fabe4fa192) Importer(815301076,1909f56bfc062723c751e8b465ee728b)  -> (artifact id: 'b3c65615186bae8d8fe7835e6458f52c') in 0.007434 seconds
Number of updated asset objects reloaded before import = 0
Number of asset objects unloaded after import = 11
========================================================================
Received Import Request.
  Time since last request: 0.000014 seconds.
  path: Assets/Building FastFood Drinks/Prefabs/sign.asset
  artifactKey: Guid(893aedff1b3db9a48ae9c786ebe1c780) Importer(815301076,1909f56bfc062723c751e8b465ee728b)
Start importing Assets/Building FastFood Drinks/Prefabs/sign.asset using Guid(893aedff1b3db9a48ae9c786ebe1c780) Importer(815301076,1909f56bfc062723c751e8b465ee728b)  -> (artifact id: '756bb23d5443844244b690db26774e23') in 0.006482 seconds
Number of updated asset objects reloaded before import = 0
Number of asset objects unloaded after import = 2
========================================================================
Received Import Request.
  Time since last request: 43.480502 seconds.
  path: Assets/Building FastFood Drinks/Textures/Brick_2_Cobble_diffuseOriginal.png
  artifactKey: Guid(43e911a895b5ec24abca02e36ca83321) Importer(815301076,1909f56bfc062723c751e8b465ee728b)
Start importing Assets/Building FastFood Drinks/Textures/Brick_2_Cobble_diffuseOriginal.png using Guid(43e911a895b5ec24abca02e36ca83321) Importer(815301076,1909f56bfc062723c751e8b465ee728b)  -> (artifact id: 'bccc66aa13b3dde9d6d48a1e36e9a1cd') in 0.014641 seconds
Number of updated asset objects reloaded before import = 0
Number of asset objects unloaded after import = 2
========================================================================
Received Import Request.
  Time since last request: 0.000014 seconds.
  path: Assets/Building FastFood Drinks/Textures/Wood Floor 10_diffuseOriginal.png
  artifactKey: Guid(b94bf4756d7569f45a599379f65cc548) Importer(815301076,1909f56bfc062723c751e8b465ee728b)
Start importing Assets/Building FastFood Drinks/Textures/Wood Floor 10_diffuseOriginal.png using Guid(b94bf4756d7569f45a599379f65cc548) Importer(815301076,1909f56bfc062723c751e8b465ee728b)  -> (artifact id: '1b40db8b28e433be2d8a52d8394bf9dd') in 0.014457 seconds
Number of updated asset objects reloaded before import = 0
Number of asset objects unloaded after import = 2
Editor requested this worker to shutdown with reason: Scaling down because of idle timeout
TcpMessagingSession - receive error: operation aborted. errorcode: 995, details: The I/O operation has been aborted because of either a thread exit or an application request.
AssetImportWorker is now disconnected from the server
Process exiting
Exiting without the bug reporter. Application will terminate with return code 0