Using pre-set license
Built from '2022.3/staging' branch; Version is '2022.3.11f1 (d00248457e15) revision 13632072'; Using compiler version '192829333'; Build Type 'Release'
OS: 'Windows 11  (10.0.22621) 64bit CoreSingleLanguage' Language: 'en' Physical Memory: 15776 MB
BatchMode: 1, IsHumanControllingUs: 0, StartBugReporterOnCrash: 0, Is64bit: 1, IsPro: 1

COMMAND LINE ARGUMENTS:
D:\unity\Unity Setup\2022.3.11f1\Editor\Unity.exe
-adb2
-batchMode
-noUpm
-name
AssetImportWorker0
-projectPath
D:/market Simulator/Market Simulator
-logFile
Logs/AssetImportWorker0.log
-srvPort
50384
Successfully changed project path to: D:/market Simulator/Market Simulator
D:/market Simulator/Market Simulator
[UnityMemory] Configuration Parameters - Can be set up in boot.config
    "memorysetup-bucket-allocator-granularity=16"
    "memorysetup-bucket-allocator-bucket-count=8"
    "memorysetup-bucket-allocator-block-size=33554432"
    "memorysetup-bucket-allocator-block-count=8"
    "memorysetup-main-allocator-block-size=16777216"
    "memorysetup-thread-allocator-block-size=16777216"
    "memorysetup-gfx-main-allocator-block-size=16777216"
    "memorysetup-gfx-thread-allocator-block-size=16777216"
    "memorysetup-cache-allocator-block-size=4194304"
    "memorysetup-typetree-allocator-block-size=2097152"
    "memorysetup-profiler-bucket-allocator-granularity=16"
    "memorysetup-profiler-bucket-allocator-bucket-count=8"
    "memorysetup-profiler-bucket-allocator-block-size=33554432"
    "memorysetup-profiler-bucket-allocator-block-count=8"
    "memorysetup-profiler-allocator-block-size=16777216"
    "memorysetup-profiler-editor-allocator-block-size=1048576"
    "memorysetup-temp-allocator-size-main=16777216"
    "memorysetup-job-temp-allocator-block-size=2097152"
    "memorysetup-job-temp-allocator-block-size-background=1048576"
    "memorysetup-job-temp-allocator-reduction-small-platforms=262144"
    "memorysetup-allocator-temp-initial-block-size-main=262144"
    "memorysetup-allocator-temp-initial-block-size-worker=262144"
    "memorysetup-temp-allocator-size-background-worker=32768"
    "memorysetup-temp-allocator-size-job-worker=262144"
    "memorysetup-temp-allocator-size-preload-manager=33554432"
    "memorysetup-temp-allocator-size-nav-mesh-worker=65536"
    "memorysetup-temp-allocator-size-audio-worker=65536"
    "memorysetup-temp-allocator-size-cloud-worker=32768"
    "memorysetup-temp-allocator-size-gi-baking-worker=262144"
    "memorysetup-temp-allocator-size-gfx=262144"
Player connection [22316] Host "[IP] 192.168.0.100 [Port] 0 [Flags] 2 [Guid] 2549272638 [EditorId] 2549272638 [Version] 1048832 [Id] WindowsEditor(7,Spectacles) [Debug] 1 [PackageName] WindowsEditor [ProjectName] Editor" joined multi-casting on [225.0.0.222:54997]...

Player connection [22316] Host "[IP] 192.168.0.100 [Port] 0 [Flags] 2 [Guid] 2549272638 [EditorId] 2549272638 [Version] 1048832 [Id] WindowsEditor(7,Spectacles) [Debug] 1 [PackageName] WindowsEditor [ProjectName] Editor" joined alternative multi-casting on [225.0.0.222:34997]...

[Physics::Module] Initialized MultithreadedJobDispatcher with 11 workers.
Refreshing native plugins compatible for Editor in 7.28 ms, found 3 plugins.
Preloading 0 native plugins for Editor in 0.00 ms.
Initialize engine version: 2022.3.11f1 (d00248457e15)
[Subsystems] Discovering subsystems at path D:/unity/Unity Setup/2022.3.11f1/Editor/Data/Resources/UnitySubsystems
[Subsystems] Discovering subsystems at path D:/market Simulator/Market Simulator/Assets
GfxDevice: creating device client; threaded=0; jobified=0
Direct3D:
    Version:  Direct3D 11.0 [level 11.1]
    Renderer: NVIDIA GeForce RTX 3050 Laptop GPU (ID=0x25a5)
    Vendor:   NVIDIA
    VRAM:     3977 MB
    Driver:   31.0.15.3645
Initialize mono
Mono path[0] = 'D:/unity/Unity Setup/2022.3.11f1/Editor/Data/Managed'
Mono path[1] = 'D:/unity/Unity Setup/2022.3.11f1/Editor/Data/MonoBleedingEdge/lib/mono/unityjit-win32'
Mono config path = 'D:/unity/Unity Setup/2022.3.11f1/Editor/Data/MonoBleedingEdge/etc'
Using monoOptions --debugger-agent=transport=dt_socket,embedding=1,server=y,suspend=n,address=127.0.0.1:56308
Begin MonoManager ReloadAssembly
Registering precompiled unity dll's ...
Register platform support module: D:/unity/Unity Setup/2022.3.11f1/Editor/Data/PlaybackEngines/WebGLSupport/UnityEditor.WebGL.Extensions.dll
Register platform support module: D:/unity/Unity Setup/2022.3.11f1/Editor/Data/PlaybackEngines/WindowsStandaloneSupport/UnityEditor.WindowsStandalone.Extensions.dll
Registered in 0.003930 seconds.
- Loaded All Assemblies, in  0.333 seconds
Native extension for WindowsStandalone target not found
Native extension for WebGL target not found
Mono: successfully reloaded assembly
- Finished resetting the current domain, in  0.296 seconds
Domain Reload Profiling: 629ms
	BeginReloadAssembly (111ms)
		ExecutionOrderSort (0ms)
		DisableScriptedObjects (0ms)
		BackupInstance (0ms)
		ReleaseScriptingObjects (0ms)
		CreateAndSetChildDomain (1ms)
	RebuildCommonClasses (31ms)
	RebuildNativeTypeToScriptingClass (11ms)
	initialDomainReloadingComplete (49ms)
	LoadAllAssembliesAndSetupDomain (129ms)
		LoadAssemblies (112ms)
		RebuildTransferFunctionScriptingTraits (0ms)
		AnalyzeDomain (127ms)
			TypeCache.Refresh (125ms)
				TypeCache.ScanAssembly (113ms)
			ScanForSourceGeneratedMonoScriptInfo (0ms)
			ResolveRequiredComponents (0ms)
	FinalizeReload (296ms)
		ReleaseScriptCaches (0ms)
		RebuildScriptCaches (0ms)
		SetupLoadedEditorAssemblies (234ms)
			LogAssemblyErrors (0ms)
			InitializePlatformSupportModulesInManaged (8ms)
			SetLoadedEditorAssemblies (5ms)
			RefreshPlugins (0ms)
			BeforeProcessingInitializeOnLoad (2ms)
			ProcessInitializeOnLoadAttributes (123ms)
			ProcessInitializeOnLoadMethodAttributes (95ms)
			AfterProcessingInitializeOnLoad (0ms)
			EditorAssembliesLoaded (0ms)
		ExecutionOrderSort2 (0ms)
		AwakeInstancesAfterBackupRestoration (0ms)
========================================================================
Worker process is ready to serve import requests
Begin MonoManager ReloadAssembly
- Loaded All Assemblies, in  0.637 seconds
Refreshing native plugins compatible for Editor in 4.68 ms, found 3 plugins.
Native extension for WindowsStandalone target not found
Native extension for WebGL target not found
Package Manager log level set to [2]
[Package Manager] Server::EnsureServerProcessIsRunning -- launch failed, reason: Unity was launched with the -noUpm command-line argument
[Package Manager] UpmClient::Send -- Unable to send message (not connected to UPM process).
[Package Manager] Cannot connect to Unity Package Manager local server
Mono: successfully reloaded assembly
- Finished resetting the current domain, in  0.785 seconds
Domain Reload Profiling: 1422ms
	BeginReloadAssembly (173ms)
		ExecutionOrderSort (0ms)
		DisableScriptedObjects (5ms)
		BackupInstance (0ms)
		ReleaseScriptingObjects (0ms)
		CreateAndSetChildDomain (28ms)
	RebuildCommonClasses (34ms)
	RebuildNativeTypeToScriptingClass (9ms)
	initialDomainReloadingComplete (40ms)
	LoadAllAssembliesAndSetupDomain (380ms)
		LoadAssemblies (302ms)
		RebuildTransferFunctionScriptingTraits (0ms)
		AnalyzeDomain (177ms)
			TypeCache.Refresh (157ms)
				TypeCache.ScanAssembly (144ms)
			ScanForSourceGeneratedMonoScriptInfo (13ms)
			ResolveRequiredComponents (5ms)
	FinalizeReload (785ms)
		ReleaseScriptCaches (0ms)
		RebuildScriptCaches (0ms)
		SetupLoadedEditorAssemblies (624ms)
			LogAssemblyErrors (0ms)
			InitializePlatformSupportModulesInManaged (6ms)
			SetLoadedEditorAssemblies (3ms)
			RefreshPlugins (0ms)
			BeforeProcessingInitializeOnLoad (54ms)
			ProcessInitializeOnLoadAttributes (533ms)
			ProcessInitializeOnLoadMethodAttributes (25ms)
			AfterProcessingInitializeOnLoad (2ms)
			EditorAssembliesLoaded (0ms)
		ExecutionOrderSort2 (0ms)
		AwakeInstancesAfterBackupRestoration (8ms)
Launched and connected shader compiler UnityShaderCompiler.exe after 0.05 seconds
Refreshing native plugins compatible for Editor in 3.14 ms, found 3 plugins.
Preloading 0 native plugins for Editor in 0.00 ms.
Unloading 3115 Unused Serialized files (Serialized files now loaded: 0)
Unloading 32 unused Assets / (56.9 KB). Loaded Objects now: 3578.
Memory consumption went from 124.2 MB to 124.1 MB.
Total: 4.390200 ms (FindLiveObjects: 0.453900 ms CreateObjectMapping: 0.268400 ms MarkObjects: 3.550200 ms  DeleteObjects: 0.116100 ms)

AssetImportParameters requested are different than current active one (requested -> active):
  custom:container-demuxer-ogg: 62fdf1f143b41e24485cea50d1cbac27 -> 
  custom:video-codec-MediaFoundation-h265: 746d11721c4dcdbdad8f713fa42b33f4 -> 
  custom:video-decoder-ogg-theora: a1e56fd34408186e4bbccfd4996cb3dc -> 
  custom:framework-win-MediaFoundation: 216162199b28c13a410421893ffa2e32 -> 
  custom:container-demuxer-webm: 4f35f7cbe854078d1ac9338744f61a02 -> 
  custom:container-muxer-webm: aa71ff27fc2769a1b78a27578f13a17b -> 
  custom:video-decoder-webm-vp8: 9c59270c3fd7afecdb556c50c9e8de78 -> 
  custom:AudioImporter_EditorPlatform: d09bf68614088b80899f8185d706f6e7 -> 
  custom:video-encoder-webm-vp8: eb34c28f22e8b96e1ab97ce403110664 -> 
  custom:audio-decoder-ogg-vorbis: bf7c407c2cedff20999df2af8eb42d56 -> 
  custom:audio-encoder-webm-vorbis: bf7c407c2cedff20999df2af8eb42d56 -> 
========================================================================
Received Import Request.
  Time since last request: 77.467637 seconds.
  path: Assets/CoffeeShopStarterPack/Models/PW_cheesecake_strawberry.fbx
  artifactKey: Guid(7f923fda2c9af40558bca23c92ee1e1f) Importer(815301076,1909f56bfc062723c751e8b465ee728b)
Start importing Assets/CoffeeShopStarterPack/Models/PW_cheesecake_strawberry.fbx using Guid(7f923fda2c9af40558bca23c92ee1e1f) Importer(815301076,1909f56bfc062723c751e8b465ee728b)  -> (artifact id: '6d1e7cf10fd3e290be9290708f306bbd') in 0.128949 seconds
Number of updated asset objects reloaded before import = 0
Number of asset objects unloaded after import = 10
========================================================================
Received Import Request.
  Time since last request: 0.000040 seconds.
  path: Assets/CoffeeShopStarterPack/Prefabs/PW_display03.prefab
  artifactKey: Guid(2c597a3dd113e42e5b84bb1441c18690) Importer(815301076,1909f56bfc062723c751e8b465ee728b)
Start importing Assets/CoffeeShopStarterPack/Prefabs/PW_display03.prefab using Guid(2c597a3dd113e42e5b84bb1441c18690) Importer(815301076,1909f56bfc062723c751e8b465ee728b)  -> (artifact id: '49ce1492533bae031924efe4a6f2df26') in 0.051495 seconds
Number of updated asset objects reloaded before import = 0
Number of asset objects unloaded after import = 19
========================================================================
Received Import Request.
  Time since last request: 0.000019 seconds.
  path: Assets/CoffeeShopStarterPack/Prefabs/PW_cup02.prefab
  artifactKey: Guid(712bb278659f44938ada3e91dbb4c0f9) Importer(815301076,1909f56bfc062723c751e8b465ee728b)
Start importing Assets/CoffeeShopStarterPack/Prefabs/PW_cup02.prefab using Guid(712bb278659f44938ada3e91dbb4c0f9) Importer(815301076,1909f56bfc062723c751e8b465ee728b)  -> (artifact id: 'fbb48a345641f9c792c2e5d7207786bc') in 0.012971 seconds
Number of updated asset objects reloaded before import = 0
Number of asset objects unloaded after import = 18
========================================================================
Received Import Request.
  Time since last request: 0.000022 seconds.
  path: Assets/CoffeeShopStarterPack/Models/PW_croissant.fbx
  artifactKey: Guid(0dde3021ca18047cf8bf8aad877283d2) Importer(815301076,1909f56bfc062723c751e8b465ee728b)
Start importing Assets/CoffeeShopStarterPack/Models/PW_croissant.fbx using Guid(0dde3021ca18047cf8bf8aad877283d2) Importer(815301076,1909f56bfc062723c751e8b465ee728b)  -> (artifact id: 'b7446abfbcc58f5fe925c5b9a95f1072') in 0.014622 seconds
Number of updated asset objects reloaded before import = 0
Number of asset objects unloaded after import = 10
========================================================================
Received Import Request.
  Time since last request: 0.000021 seconds.
  path: Assets/CoffeeShopStarterPack/Models/PW_doughnut_blackNwhite.fbx
  artifactKey: Guid(dc74e53f7f0b5495b9e760dd4803accb) Importer(815301076,1909f56bfc062723c751e8b465ee728b)
Start importing Assets/CoffeeShopStarterPack/Models/PW_doughnut_blackNwhite.fbx using Guid(dc74e53f7f0b5495b9e760dd4803accb) Importer(815301076,1909f56bfc062723c751e8b465ee728b)  -> (artifact id: 'c2512f0f264ca819b84147bb07b13906') in 0.016419 seconds
Number of updated asset objects reloaded before import = 0
Number of asset objects unloaded after import = 10
========================================================================
Received Import Request.
  Time since last request: 0.000021 seconds.
  path: Assets/CoffeeShopStarterPack/Models/PW_display03.fbx
  artifactKey: Guid(0460bc4a18a1e4183bbcb2af6a316112) Importer(815301076,1909f56bfc062723c751e8b465ee728b)
Start importing Assets/CoffeeShopStarterPack/Models/PW_display03.fbx using Guid(0460bc4a18a1e4183bbcb2af6a316112) Importer(815301076,1909f56bfc062723c751e8b465ee728b)  -> (artifact id: '41efda1f7f55526e148974bcb826a588') in 0.033400 seconds
Number of updated asset objects reloaded before import = 0
Number of asset objects unloaded after import = 19
========================================================================
Received Import Request.
  Time since last request: 0.000018 seconds.
  path: Assets/CoffeeShopStarterPack/Prefabs/PW_cheesecake_chocolatte.prefab
  artifactKey: Guid(bb5b37d8246d44e598c671792c3ac74a) Importer(815301076,1909f56bfc062723c751e8b465ee728b)
Start importing Assets/CoffeeShopStarterPack/Prefabs/PW_cheesecake_chocolatte.prefab using Guid(bb5b37d8246d44e598c671792c3ac74a) Importer(815301076,1909f56bfc062723c751e8b465ee728b)  -> (artifact id: '9d9048ad503e6e252541ea290f96e832') in 0.008332 seconds
Number of updated asset objects reloaded before import = 0
Number of asset objects unloaded after import = 10
========================================================================
Received Import Request.
  Time since last request: 0.000020 seconds.
  path: Assets/CoffeeShopStarterPack/Prefabs/PW_cookie.prefab
  artifactKey: Guid(17ac7eebcd6e04cc1909e60b6bc2fc01) Importer(815301076,1909f56bfc062723c751e8b465ee728b)
Start importing Assets/CoffeeShopStarterPack/Prefabs/PW_cookie.prefab using Guid(17ac7eebcd6e04cc1909e60b6bc2fc01) Importer(815301076,1909f56bfc062723c751e8b465ee728b)  -> (artifact id: 'e6a40840168ee93b4545a91af7df2480') in 0.010224 seconds
Number of updated asset objects reloaded before import = 0
Number of asset objects unloaded after import = 10
========================================================================
Received Import Request.
  Time since last request: 0.000016 seconds.
  path: Assets/CoffeeShopStarterPack/Prefabs/PW_display01.prefab
  artifactKey: Guid(fbbf1aaff00e94748a4a8f9d6a37714d) Importer(815301076,1909f56bfc062723c751e8b465ee728b)
Start importing Assets/CoffeeShopStarterPack/Prefabs/PW_display01.prefab using Guid(fbbf1aaff00e94748a4a8f9d6a37714d) Importer(815301076,1909f56bfc062723c751e8b465ee728b)  -> (artifact id: '18e2b1921bbfe542bf9a62e98ea9dc6a') in 0.009342 seconds
Number of updated asset objects reloaded before import = 0
Number of asset objects unloaded after import = 19
========================================================================
Received Import Request.
  Time since last request: 0.000016 seconds.
  path: Assets/CoffeeShopStarterPack/Prefabs/PW_cupcake_chocolattechips.prefab
  artifactKey: Guid(5e6527792754e41d48aec14c1dafd8af) Importer(815301076,1909f56bfc062723c751e8b465ee728b)
Start importing Assets/CoffeeShopStarterPack/Prefabs/PW_cupcake_chocolattechips.prefab using Guid(5e6527792754e41d48aec14c1dafd8af) Importer(815301076,1909f56bfc062723c751e8b465ee728b)  -> (artifact id: 'dc0b2579b089e302bc268f9ca52d9c5d') in 0.008785 seconds
Number of updated asset objects reloaded before import = 0
Number of asset objects unloaded after import = 10
========================================================================
Received Import Request.
  Time since last request: 0.000016 seconds.
  path: Assets/CoffeeShopStarterPack/Models/PW_display04.fbx
  artifactKey: Guid(5dc54757a2d9e4639ac7264cf85a6ab0) Importer(815301076,1909f56bfc062723c751e8b465ee728b)
Start importing Assets/CoffeeShopStarterPack/Models/PW_display04.fbx using Guid(5dc54757a2d9e4639ac7264cf85a6ab0) Importer(815301076,1909f56bfc062723c751e8b465ee728b)  -> (artifact id: '617d970c5871c180f7ab706de98a594c') in 0.026737 seconds
Number of updated asset objects reloaded before import = 0
Number of asset objects unloaded after import = 19
========================================================================
Received Import Request.
  Time since last request: 0.000034 seconds.
  path: Assets/CoffeeShopStarterPack/Models/PW_doughnut_white.fbx
  artifactKey: Guid(716eb86c5f9a24921a13fd6bcaa16cb1) Importer(815301076,1909f56bfc062723c751e8b465ee728b)
Start importing Assets/CoffeeShopStarterPack/Models/PW_doughnut_white.fbx using Guid(716eb86c5f9a24921a13fd6bcaa16cb1) Importer(815301076,1909f56bfc062723c751e8b465ee728b)  -> (artifact id: '34fece11fb0a50c766070fafda06ea78') in 0.017216 seconds
Number of updated asset objects reloaded before import = 0
Number of asset objects unloaded after import = 10
========================================================================
Received Import Request.
  Time since last request: 0.000024 seconds.
  path: Assets/CoffeeShopStarterPack/Models/PW_cupboard_corner.fbx
  artifactKey: Guid(113cae18886c34685bb2e705d0a1d64a) Importer(815301076,1909f56bfc062723c751e8b465ee728b)
Start importing Assets/CoffeeShopStarterPack/Models/PW_cupboard_corner.fbx using Guid(113cae18886c34685bb2e705d0a1d64a) Importer(815301076,1909f56bfc062723c751e8b465ee728b)  -> (artifact id: 'e1eb38bf49ea08e8a0ff37928b4af0ee') in 0.017830 seconds
Number of updated asset objects reloaded before import = 0
Number of asset objects unloaded after import = 10
========================================================================
Received Import Request.
  Time since last request: 0.000054 seconds.
  path: Assets/CoffeeShopStarterPack/Models/PW_display_cube.fbx
  artifactKey: Guid(7276eca7821664e98b34fb52692c3b8e) Importer(815301076,1909f56bfc062723c751e8b465ee728b)
Start importing Assets/CoffeeShopStarterPack/Models/PW_display_cube.fbx using Guid(7276eca7821664e98b34fb52692c3b8e) Importer(815301076,1909f56bfc062723c751e8b465ee728b)  -> (artifact id: '6fa7c77dd94859277b1e0f94872c836c') in 0.030263 seconds
Number of updated asset objects reloaded before import = 0
Number of asset objects unloaded after import = 19
========================================================================
Received Import Request.
  Time since last request: 0.000018 seconds.
  path: Assets/CoffeeShopStarterPack/Prefabs/PW_display02.prefab
  artifactKey: Guid(a053e34ccc3a9480ca81efece4e7cfa9) Importer(815301076,1909f56bfc062723c751e8b465ee728b)
Start importing Assets/CoffeeShopStarterPack/Prefabs/PW_display02.prefab using Guid(a053e34ccc3a9480ca81efece4e7cfa9) Importer(815301076,1909f56bfc062723c751e8b465ee728b)  -> (artifact id: '991dca18de4a80ca3ec3ec7c54e0b4b8') in 0.012188 seconds
Number of updated asset objects reloaded before import = 0
Number of asset objects unloaded after import = 19
========================================================================
Received Import Request.
  Time since last request: 0.000020 seconds.
  path: Assets/CoffeeShopStarterPack/Prefabs/PW_cheesecake_lime.prefab
  artifactKey: Guid(7989684eaf7d44a699019d7be7625a2d) Importer(815301076,1909f56bfc062723c751e8b465ee728b)
Start importing Assets/CoffeeShopStarterPack/Prefabs/PW_cheesecake_lime.prefab using Guid(7989684eaf7d44a699019d7be7625a2d) Importer(815301076,1909f56bfc062723c751e8b465ee728b)  -> (artifact id: 'e1860c7bedf9bbcd0e164472dd0730b8') in 0.009865 seconds
Number of updated asset objects reloaded before import = 0
Number of asset objects unloaded after import = 10
========================================================================
Received Import Request.
  Time since last request: 0.000020 seconds.
  path: Assets/CoffeeShopStarterPack/Models/PW_cookie.fbx
  artifactKey: Guid(18e651e9430dc49f8aba22d0b7b80602) Importer(815301076,1909f56bfc062723c751e8b465ee728b)
Start importing Assets/CoffeeShopStarterPack/Models/PW_cookie.fbx using Guid(18e651e9430dc49f8aba22d0b7b80602) Importer(815301076,1909f56bfc062723c751e8b465ee728b)  -> (artifact id: '9ec42025d7d2290461e5cf337b086c53') in 0.016367 seconds
Number of updated asset objects reloaded before import = 0
Number of asset objects unloaded after import = 10
========================================================================
Received Import Request.
  Time since last request: 0.000022 seconds.
  path: Assets/CoffeeShopStarterPack/Prefabs/PW_display04.prefab
  artifactKey: Guid(8cbd0a9a7593f47c696b2e27706abed8) Importer(815301076,1909f56bfc062723c751e8b465ee728b)
Start importing Assets/CoffeeShopStarterPack/Prefabs/PW_display04.prefab using Guid(8cbd0a9a7593f47c696b2e27706abed8) Importer(815301076,1909f56bfc062723c751e8b465ee728b)  -> (artifact id: '03f58d9f4cf87957a6892a59eba3d6d9') in 0.008943 seconds
Number of updated asset objects reloaded before import = 0
Number of asset objects unloaded after import = 19
========================================================================
Received Import Request.
  Time since last request: 0.000019 seconds.
  path: Assets/CoffeeShopStarterPack/Models/PW_cupcake_redvelvet.fbx
  artifactKey: Guid(765692888465b48fface3b65045b34ea) Importer(815301076,1909f56bfc062723c751e8b465ee728b)
Start importing Assets/CoffeeShopStarterPack/Models/PW_cupcake_redvelvet.fbx using Guid(765692888465b48fface3b65045b34ea) Importer(815301076,1909f56bfc062723c751e8b465ee728b)  -> (artifact id: 'd4fd33ee24d1c9f4a80c215edad2b23d') in 0.011253 seconds
Number of updated asset objects reloaded before import = 0
Number of asset objects unloaded after import = 10
========================================================================
Received Import Request.
  Time since last request: 0.000037 seconds.
  path: Assets/CoffeeShopStarterPack/Prefabs/PW_croissant.prefab
  artifactKey: Guid(9007700338d194bd18e3086f4600a7ea) Importer(815301076,1909f56bfc062723c751e8b465ee728b)
Start importing Assets/CoffeeShopStarterPack/Prefabs/PW_croissant.prefab using Guid(9007700338d194bd18e3086f4600a7ea) Importer(815301076,1909f56bfc062723c751e8b465ee728b)  -> (artifact id: 'ab45d15a339d60eb17ae6527c85695d8') in 0.011014 seconds
Number of updated asset objects reloaded before import = 0
Number of asset objects unloaded after import = 10
========================================================================
Received Import Request.
  Time since last request: 0.000017 seconds.
  path: Assets/CoffeeShopStarterPack/Prefabs/OrderGenerator.prefab
  artifactKey: Guid(4dee7bea4c4584015894b8d911e97c4c) Importer(815301076,1909f56bfc062723c751e8b465ee728b)
Start importing Assets/CoffeeShopStarterPack/Prefabs/OrderGenerator.prefab using Guid(4dee7bea4c4584015894b8d911e97c4c) Importer(815301076,1909f56bfc062723c751e8b465ee728b)  -> (artifact id: '2d9ea9678479b6ae7fe0fc16daff03f2') in 0.040994 seconds
Number of updated asset objects reloaded before import = 0
Number of asset objects unloaded after import = 56
========================================================================
Received Import Request.
  Time since last request: 0.000017 seconds.
  path: Assets/CoffeeShopStarterPack/Prefabs/PW_cup01.prefab
  artifactKey: Guid(8d57f19c265de49429f0074af4e75232) Importer(815301076,1909f56bfc062723c751e8b465ee728b)
Start importing Assets/CoffeeShopStarterPack/Prefabs/PW_cup01.prefab using Guid(8d57f19c265de49429f0074af4e75232) Importer(815301076,1909f56bfc062723c751e8b465ee728b)  -> (artifact id: 'e76f098379f56f55ac4d1ffca6dc668b') in 0.009603 seconds
Number of updated asset objects reloaded before import = 0
Number of asset objects unloaded after import = 18
========================================================================
Received Import Request.
  Time since last request: 0.000027 seconds.
  path: Assets/CoffeeShopStarterPack/Models/PW_doughnut_pink.fbx
  artifactKey: Guid(5fbda09d5185a47febf22d3176f2aa76) Importer(815301076,1909f56bfc062723c751e8b465ee728b)
Start importing Assets/CoffeeShopStarterPack/Models/PW_doughnut_pink.fbx using Guid(5fbda09d5185a47febf22d3176f2aa76) Importer(815301076,1909f56bfc062723c751e8b465ee728b)  -> (artifact id: 'd4e423bec0ac60b454dcf8ee8f96bcb7') in 0.014765 seconds
Number of updated asset objects reloaded before import = 0
Number of asset objects unloaded after import = 10
========================================================================
Received Import Request.
  Time since last request: 0.000016 seconds.
  path: Assets/CoffeeShopStarterPack/Prefabs/PW_display_cube.prefab
  artifactKey: Guid(5090b9010d8ca4476a4f9b1315906d61) Importer(815301076,1909f56bfc062723c751e8b465ee728b)
Start importing Assets/CoffeeShopStarterPack/Prefabs/PW_display_cube.prefab using Guid(5090b9010d8ca4476a4f9b1315906d61) Importer(815301076,1909f56bfc062723c751e8b465ee728b)  -> (artifact id: 'b4e7d989d5eafb08d38ffa72ee960df3') in 0.011602 seconds
Number of updated asset objects reloaded before import = 0
Number of asset objects unloaded after import = 19
========================================================================
Received Import Request.
  Time since last request: 0.000020 seconds.
  path: Assets/CoffeeShopStarterPack/Prefabs/PW_cupcake_cherry.prefab
  artifactKey: Guid(75221d19731aa453d81714a24451c72a) Importer(815301076,1909f56bfc062723c751e8b465ee728b)
Start importing Assets/CoffeeShopStarterPack/Prefabs/PW_cupcake_cherry.prefab using Guid(75221d19731aa453d81714a24451c72a) Importer(815301076,1909f56bfc062723c751e8b465ee728b)  -> (artifact id: '8edcebfd34f113f453defdd260fea0bf') in 0.008833 seconds
Number of updated asset objects reloaded before import = 0
Number of asset objects unloaded after import = 10
========================================================================
Received Import Request.
  Time since last request: 0.000020 seconds.
  path: Assets/CoffeeShopStarterPack/Prefabs/PW_cupcake_oreo.prefab
  artifactKey: Guid(7c313b72ae95e4454901041fa86d8984) Importer(815301076,1909f56bfc062723c751e8b465ee728b)
Start importing Assets/CoffeeShopStarterPack/Prefabs/PW_cupcake_oreo.prefab using Guid(7c313b72ae95e4454901041fa86d8984) Importer(815301076,1909f56bfc062723c751e8b465ee728b)  -> (artifact id: 'fc3ef775c8515fa0c324a4c209902afe') in 0.014694 seconds
Number of updated asset objects reloaded before import = 0
Number of asset objects unloaded after import = 10
========================================================================
Received Import Request.
  Time since last request: 0.000017 seconds.
  path: Assets/CoffeeShopStarterPack/Prefabs/PW_cupboard_corner.prefab
  artifactKey: Guid(2c04cf954647e43589c56b0df4058564) Importer(815301076,1909f56bfc062723c751e8b465ee728b)
Start importing Assets/CoffeeShopStarterPack/Prefabs/PW_cupboard_corner.prefab using Guid(2c04cf954647e43589c56b0df4058564) Importer(815301076,1909f56bfc062723c751e8b465ee728b)  -> (artifact id: '216256c55a74fec0c65337221b55c728') in 0.008472 seconds
Number of updated asset objects reloaded before import = 0
Number of asset objects unloaded after import = 10
========================================================================
Received Import Request.
  Time since last request: 0.000070 seconds.
  path: Assets/CoffeeShopStarterPack/Prefabs/PW_cup03.prefab
  artifactKey: Guid(f1014df0302d8494dace54e1a35a1d74) Importer(815301076,1909f56bfc062723c751e8b465ee728b)
Start importing Assets/CoffeeShopStarterPack/Prefabs/PW_cup03.prefab using Guid(f1014df0302d8494dace54e1a35a1d74) Importer(815301076,1909f56bfc062723c751e8b465ee728b)  -> (artifact id: 'e50ea7b447774c7cc998e05cc44810d3') in 0.011847 seconds
Number of updated asset objects reloaded before import = 0
Number of asset objects unloaded after import = 18
========================================================================
Received Import Request.
  Time since last request: 0.000035 seconds.
  path: Assets/CoffeeShopStarterPack/Prefabs/PW_cheesecake_strawberry.prefab
  artifactKey: Guid(31cd80546c3d1474f9335e444db120ee) Importer(815301076,1909f56bfc062723c751e8b465ee728b)
Start importing Assets/CoffeeShopStarterPack/Prefabs/PW_cheesecake_strawberry.prefab using Guid(31cd80546c3d1474f9335e444db120ee) Importer(815301076,1909f56bfc062723c751e8b465ee728b)  -> (artifact id: '24adfd8f087e372063f9cb5629444eab') in 0.011091 seconds
Number of updated asset objects reloaded before import = 0
Number of asset objects unloaded after import = 10
========================================================================
Received Import Request.
  Time since last request: 0.000021 seconds.
  path: Assets/CoffeeShopStarterPack/Models/PW_cheesecake_chocolatte.fbx
  artifactKey: Guid(1f00f2bf39c2347bc844a6db1cdc4f74) Importer(815301076,1909f56bfc062723c751e8b465ee728b)
Start importing Assets/CoffeeShopStarterPack/Models/PW_cheesecake_chocolatte.fbx using Guid(1f00f2bf39c2347bc844a6db1cdc4f74) Importer(815301076,1909f56bfc062723c751e8b465ee728b)  -> (artifact id: 'f17e8cca1b65f8584539b573e90554f3') in 0.011939 seconds
Number of updated asset objects reloaded before import = 0
Number of asset objects unloaded after import = 10
========================================================================
Received Import Request.
  Time since last request: 0.000017 seconds.
  path: Assets/CoffeeShopStarterPack/Prefabs/PW_croissant_toserve.prefab
  artifactKey: Guid(b4ed931ca91f741b6a600b8a20639eed) Importer(815301076,1909f56bfc062723c751e8b465ee728b)
Start importing Assets/CoffeeShopStarterPack/Prefabs/PW_croissant_toserve.prefab using Guid(b4ed931ca91f741b6a600b8a20639eed) Importer(815301076,1909f56bfc062723c751e8b465ee728b)  -> (artifact id: '811b0b1ae566d8a0ff720fe93341a04a') in 0.010843 seconds
Number of updated asset objects reloaded before import = 0
Number of asset objects unloaded after import = 30
========================================================================
Received Import Request.
  Time since last request: 0.000022 seconds.
  path: Assets/CoffeeShopStarterPack/Models/PW_cupcake_cherry.fbx
  artifactKey: Guid(406287137d7714d64bf9b8529da1ed2c) Importer(815301076,1909f56bfc062723c751e8b465ee728b)
Start importing Assets/CoffeeShopStarterPack/Models/PW_cupcake_cherry.fbx using Guid(406287137d7714d64bf9b8529da1ed2c) Importer(815301076,1909f56bfc062723c751e8b465ee728b)  -> (artifact id: '4742b2248a1bccbd5144a2414e636e5f') in 0.012800 seconds
Number of updated asset objects reloaded before import = 0
Number of asset objects unloaded after import = 10
========================================================================
Received Import Request.
  Time since last request: 0.000023 seconds.
  path: Assets/CoffeeShopStarterPack/Models/PW_cupboard02.fbx
  artifactKey: Guid(1b072438ce5b846ef8d514b9a45369f8) Importer(815301076,1909f56bfc062723c751e8b465ee728b)
Start importing Assets/CoffeeShopStarterPack/Models/PW_cupboard02.fbx using Guid(1b072438ce5b846ef8d514b9a45369f8) Importer(815301076,1909f56bfc062723c751e8b465ee728b)  -> (artifact id: '06dcd512e9109895bd21e04fe6f205c2') in 0.032123 seconds
Number of updated asset objects reloaded before import = 0
Number of asset objects unloaded after import = 24
========================================================================
Received Import Request.
  Time since last request: 0.000015 seconds.
  path: Assets/CoffeeShopStarterPack/Models/PW_cheesecake_blueberry.fbx
  artifactKey: Guid(eed7e310319bd46fe93f17de3399735e) Importer(815301076,1909f56bfc062723c751e8b465ee728b)
Start importing Assets/CoffeeShopStarterPack/Models/PW_cheesecake_blueberry.fbx using Guid(eed7e310319bd46fe93f17de3399735e) Importer(815301076,1909f56bfc062723c751e8b465ee728b)  -> (artifact id: 'd6fc5e23640d4c76d6c018149e068010') in 0.014060 seconds
Number of updated asset objects reloaded before import = 0
Number of asset objects unloaded after import = 10
========================================================================
Received Import Request.
  Time since last request: 0.000017 seconds.
  path: Assets/CoffeeShopStarterPack/Prefabs/PW_cupboard_narrow.prefab
  artifactKey: Guid(b8c3087888fc448acb63e643fea215d3) Importer(815301076,1909f56bfc062723c751e8b465ee728b)
Start importing Assets/CoffeeShopStarterPack/Prefabs/PW_cupboard_narrow.prefab using Guid(b8c3087888fc448acb63e643fea215d3) Importer(815301076,1909f56bfc062723c751e8b465ee728b)  -> (artifact id: '0aa762d0b936579c7cd01a24e224b8b7') in 0.008180 seconds
Number of updated asset objects reloaded before import = 0
Number of asset objects unloaded after import = 24
========================================================================
Received Import Request.
  Time since last request: 0.000015 seconds.
  path: Assets/CoffeeShopStarterPack/Models/PW_display01.fbx
  artifactKey: Guid(e40b5e93ab0944c83bdf360061b0dd37) Importer(815301076,1909f56bfc062723c751e8b465ee728b)
Start importing Assets/CoffeeShopStarterPack/Models/PW_display01.fbx using Guid(e40b5e93ab0944c83bdf360061b0dd37) Importer(815301076,1909f56bfc062723c751e8b465ee728b)  -> (artifact id: 'f2b913890ac3b0a60b9510535cb319c5') in 0.025542 seconds
Number of updated asset objects reloaded before import = 0
Number of asset objects unloaded after import = 19
========================================================================
Received Import Request.
  Time since last request: 0.000016 seconds.
  path: Assets/CoffeeShopStarterPack/Models/PW_croissant_toserve.fbx
  artifactKey: Guid(b353e03ca33c443a28d7596980b9817f) Importer(815301076,1909f56bfc062723c751e8b465ee728b)
Start importing Assets/CoffeeShopStarterPack/Models/PW_croissant_toserve.fbx using Guid(b353e03ca33c443a28d7596980b9817f) Importer(815301076,1909f56bfc062723c751e8b465ee728b)  -> (artifact id: '5bcc954cc836e2beaa19825054e50875') in 0.044651 seconds
Number of updated asset objects reloaded before import = 0
Number of asset objects unloaded after import = 30
========================================================================
Received Import Request.
  Time since last request: 0.000014 seconds.
  path: Assets/CoffeeShopStarterPack/Models/PW_cupboard01.fbx
  artifactKey: Guid(1dbdfa4032147440b8fd613c8d773807) Importer(815301076,1909f56bfc062723c751e8b465ee728b)
Start importing Assets/CoffeeShopStarterPack/Models/PW_cupboard01.fbx using Guid(1dbdfa4032147440b8fd613c8d773807) Importer(815301076,1909f56bfc062723c751e8b465ee728b)  -> (artifact id: '0b64d960aa8fbfbf8bf8307444d5c43a') in 0.057698 seconds
Number of updated asset objects reloaded before import = 0
Number of asset objects unloaded after import = 36
========================================================================
Received Import Request.
  Time since last request: 0.000022 seconds.
  path: Assets/CoffeeShopStarterPack/Prefabs/PW_cupboard01.prefab
  artifactKey: Guid(31264236aa69f49fba6ca492242bd217) Importer(815301076,1909f56bfc062723c751e8b465ee728b)
Start importing Assets/CoffeeShopStarterPack/Prefabs/PW_cupboard01.prefab using Guid(31264236aa69f49fba6ca492242bd217) Importer(815301076,1909f56bfc062723c751e8b465ee728b)  -> (artifact id: '6e8cbfdda368a133d4d7a8b1a870a213') in 0.007655 seconds
Number of updated asset objects reloaded before import = 0
Number of asset objects unloaded after import = 36
========================================================================
Received Import Request.
  Time since last request: 0.000027 seconds.
  path: Assets/CoffeeShopStarterPack/Models/PW_cheesecake_lime.fbx
  artifactKey: Guid(bf4814e4b8ebf4abdb8c75b7f2afeaef) Importer(815301076,1909f56bfc062723c751e8b465ee728b)
Start importing Assets/CoffeeShopStarterPack/Models/PW_cheesecake_lime.fbx using Guid(bf4814e4b8ebf4abdb8c75b7f2afeaef) Importer(815301076,1909f56bfc062723c751e8b465ee728b)  -> (artifact id: '191d64e0ddce17f03023fc0060be8c8f') in 0.013992 seconds
Number of updated asset objects reloaded before import = 0
Number of asset objects unloaded after import = 10
========================================================================
Received Import Request.
  Time since last request: 0.000014 seconds.
  path: Assets/CoffeeShopStarterPack/Models/PW_cup03.fbx
  artifactKey: Guid(4b94946eb51a14de2b21fd2198157b02) Importer(815301076,1909f56bfc062723c751e8b465ee728b)
Start importing Assets/CoffeeShopStarterPack/Models/PW_cup03.fbx using Guid(4b94946eb51a14de2b21fd2198157b02) Importer(815301076,1909f56bfc062723c751e8b465ee728b)  -> (artifact id: '531408ead13918cc319274dab552f03d') in 0.032572 seconds
Number of updated asset objects reloaded before import = 0
Number of asset objects unloaded after import = 18
========================================================================
Received Import Request.
  Time since last request: 0.000016 seconds.
  path: Assets/CoffeeShopStarterPack/Models/PW_cupboard_narrow.fbx
  artifactKey: Guid(a54fa2613a81641dca85abbac2f33681) Importer(815301076,1909f56bfc062723c751e8b465ee728b)
Start importing Assets/CoffeeShopStarterPack/Models/PW_cupboard_narrow.fbx using Guid(a54fa2613a81641dca85abbac2f33681) Importer(815301076,1909f56bfc062723c751e8b465ee728b)  -> (artifact id: 'fe1732025af756e292973422a63aed58') in 0.031048 seconds
Number of updated asset objects reloaded before import = 0
Number of asset objects unloaded after import = 24
========================================================================
Received Import Request.
  Time since last request: 0.000013 seconds.
  path: Assets/CoffeeShopStarterPack/Models/PW_display_cube02.fbx
  artifactKey: Guid(9911bb6161cb24661bf3177514e2008d) Importer(815301076,1909f56bfc062723c751e8b465ee728b)
Start importing Assets/CoffeeShopStarterPack/Models/PW_display_cube02.fbx using Guid(9911bb6161cb24661bf3177514e2008d) Importer(815301076,1909f56bfc062723c751e8b465ee728b)  -> (artifact id: 'f08ab750cd42b1ac93e4ef64c0e59878') in 0.013060 seconds
Number of updated asset objects reloaded before import = 0
Number of asset objects unloaded after import = 10
========================================================================
Received Import Request.
  Time since last request: 0.000014 seconds.
  path: Assets/CoffeeShopStarterPack/Models/PW_display02.fbx
  artifactKey: Guid(b03e78dff53e44696b0cf8dc88cf8007) Importer(815301076,1909f56bfc062723c751e8b465ee728b)
Start importing Assets/CoffeeShopStarterPack/Models/PW_display02.fbx using Guid(b03e78dff53e44696b0cf8dc88cf8007) Importer(815301076,1909f56bfc062723c751e8b465ee728b)  -> (artifact id: '5ef67065c60286fc9b36be5a89a666b2') in 0.027224 seconds
Number of updated asset objects reloaded before import = 0
Number of asset objects unloaded after import = 19
========================================================================
Received Import Request.
  Time since last request: 0.000014 seconds.
  path: Assets/CoffeeShopStarterPack/Prefabs/PW_cupcake_redvelvet.prefab
  artifactKey: Guid(450f6d2399809488dab3e957dfe78299) Importer(815301076,1909f56bfc062723c751e8b465ee728b)
Start importing Assets/CoffeeShopStarterPack/Prefabs/PW_cupcake_redvelvet.prefab using Guid(450f6d2399809488dab3e957dfe78299) Importer(815301076,1909f56bfc062723c751e8b465ee728b)  -> (artifact id: 'dde25c8cb0535d0f1ae335a69933fcaf') in 0.008519 seconds
Number of updated asset objects reloaded before import = 0
Number of asset objects unloaded after import = 10
========================================================================
Received Import Request.
  Time since last request: 0.000024 seconds.
  path: Assets/CoffeeShopStarterPack/Models/PW_cup01.fbx
  artifactKey: Guid(89c2450bbaa1c476bbe11493cb92548f) Importer(815301076,1909f56bfc062723c751e8b465ee728b)
Start importing Assets/CoffeeShopStarterPack/Models/PW_cup01.fbx using Guid(89c2450bbaa1c476bbe11493cb92548f) Importer(815301076,1909f56bfc062723c751e8b465ee728b)  -> (artifact id: '701d62182b3931f16e10d0b8f4b21586') in 0.026817 seconds
Number of updated asset objects reloaded before import = 0
Number of asset objects unloaded after import = 18
========================================================================
Received Import Request.
  Time since last request: 0.000016 seconds.
  path: Assets/CoffeeShopStarterPack/Models/PW_cupcake_chocolattechips.fbx
  artifactKey: Guid(09d02e86acc0f4e85ba8435b3f878728) Importer(815301076,1909f56bfc062723c751e8b465ee728b)
Start importing Assets/CoffeeShopStarterPack/Models/PW_cupcake_chocolattechips.fbx using Guid(09d02e86acc0f4e85ba8435b3f878728) Importer(815301076,1909f56bfc062723c751e8b465ee728b)  -> (artifact id: '5bcb7a7397e11e0c3b90708843c8bc74') in 0.018509 seconds
Number of updated asset objects reloaded before import = 0
Number of asset objects unloaded after import = 10
========================================================================
Received Import Request.
  Time since last request: 0.000025 seconds.
  path: Assets/CoffeeShopStarterPack/Models/PW_cupcake_oreo.fbx
  artifactKey: Guid(3c1b6649db1be4bd2bf453b42c1a35ed) Importer(815301076,1909f56bfc062723c751e8b465ee728b)
Start importing Assets/CoffeeShopStarterPack/Models/PW_cupcake_oreo.fbx using Guid(3c1b6649db1be4bd2bf453b42c1a35ed) Importer(815301076,1909f56bfc062723c751e8b465ee728b)  -> (artifact id: 'a428ef0a3ea1afcc705db23139900b26') in 0.017747 seconds
Number of updated asset objects reloaded before import = 0
Number of asset objects unloaded after import = 10
========================================================================
Received Import Request.
  Time since last request: 0.000021 seconds.
  path: Assets/CoffeeShopStarterPack/Prefabs/PW_cupboard02.prefab
  artifactKey: Guid(af9cdd9ba10234507875bb32ff50333b) Importer(815301076,1909f56bfc062723c751e8b465ee728b)
Start importing Assets/CoffeeShopStarterPack/Prefabs/PW_cupboard02.prefab using Guid(af9cdd9ba10234507875bb32ff50333b) Importer(815301076,1909f56bfc062723c751e8b465ee728b)  -> (artifact id: 'ac19dd9388a7bfd4e7505d2e8d4d6a7c') in 0.009978 seconds
Number of updated asset objects reloaded before import = 0
Number of asset objects unloaded after import = 24
========================================================================
Received Import Request.
  Time since last request: 0.000024 seconds.
  path: Assets/CoffeeShopStarterPack/Prefabs/PW_cheesecake_blueberry.prefab
  artifactKey: Guid(3543dbd2cbef54b4395a83d1e32f7419) Importer(815301076,1909f56bfc062723c751e8b465ee728b)
Start importing Assets/CoffeeShopStarterPack/Prefabs/PW_cheesecake_blueberry.prefab using Guid(3543dbd2cbef54b4395a83d1e32f7419) Importer(815301076,1909f56bfc062723c751e8b465ee728b)  -> (artifact id: '88e45aaddee31b262c4b1eddd5275150') in 0.008195 seconds
Number of updated asset objects reloaded before import = 0
Number of asset objects unloaded after import = 10
========================================================================
Received Import Request.
  Time since last request: 0.000204 seconds.
  path: Assets/CoffeeShopStarterPack/Models/PW_cup02.fbx
  artifactKey: Guid(53050a2a2cbdf45b38e0b675faa6f583) Importer(815301076,1909f56bfc062723c751e8b465ee728b)
Start importing Assets/CoffeeShopStarterPack/Models/PW_cup02.fbx using Guid(53050a2a2cbdf45b38e0b675faa6f583) Importer(815301076,1909f56bfc062723c751e8b465ee728b)  -> (artifact id: 'bf33976b2749c9eeef17bbd4ae18febe') in 0.031643 seconds
Number of updated asset objects reloaded before import = 0
Number of asset objects unloaded after import = 18
========================================================================
Received Import Request.
  Time since last request: 6.587454 seconds.
  path: Assets/CoffeeShopStarterPack/Prefabs/PW_doughnut_blackNwhite.prefab
  artifactKey: Guid(80b8d62454dc44cf2984af37c98f941e) Importer(815301076,1909f56bfc062723c751e8b465ee728b)
Start importing Assets/CoffeeShopStarterPack/Prefabs/PW_doughnut_blackNwhite.prefab using Guid(80b8d62454dc44cf2984af37c98f941e) Importer(815301076,1909f56bfc062723c751e8b465ee728b)  -> (artifact id: 'd4ccccf7c08e23125ce41903be6bb5c6') in 0.007248 seconds
Number of updated asset objects reloaded before import = 0
Number of asset objects unloaded after import = 10
========================================================================
Received Import Request.
  Time since last request: 0.037379 seconds.
  path: Assets/CoffeeShopStarterPack/Prefabs/PW_doughnut_pink.prefab
  artifactKey: Guid(0683ba921c1a542ea8dae92b271c1e18) Importer(815301076,1909f56bfc062723c751e8b465ee728b)
Start importing Assets/CoffeeShopStarterPack/Prefabs/PW_doughnut_pink.prefab using Guid(0683ba921c1a542ea8dae92b271c1e18) Importer(815301076,1909f56bfc062723c751e8b465ee728b)  -> (artifact id: 'e3f0f792f91ce0070ed8690ec1aa580c') in 0.009278 seconds
Number of updated asset objects reloaded before import = 0
Number of asset objects unloaded after import = 10
========================================================================
Received Import Request.
  Time since last request: 0.030376 seconds.
  path: Assets/CoffeeShopStarterPack/Prefabs/PW_espresso_cup.prefab
  artifactKey: Guid(2dd019f1380a8464da36c528baec5b4c) Importer(815301076,1909f56bfc062723c751e8b465ee728b)
Start importing Assets/CoffeeShopStarterPack/Prefabs/PW_espresso_cup.prefab using Guid(2dd019f1380a8464da36c528baec5b4c) Importer(815301076,1909f56bfc062723c751e8b465ee728b)  -> (artifact id: '897e6a0e9892a7f9cc5a8a19de278195') in 0.015192 seconds
Number of updated asset objects reloaded before import = 0
Number of asset objects unloaded after import = 30
========================================================================
Received Import Request.
  Time since last request: 0.000026 seconds.
  path: Assets/CoffeeShopStarterPack/Prefabs/PW_espressomachine.prefab
  artifactKey: Guid(a0634ab2a98bd4b78af017c116badda5) Importer(815301076,1909f56bfc062723c751e8b465ee728b)
Start importing Assets/CoffeeShopStarterPack/Prefabs/PW_espressomachine.prefab using Guid(a0634ab2a98bd4b78af017c116badda5) Importer(815301076,1909f56bfc062723c751e8b465ee728b)  -> (artifact id: '4cf2724f6ddfcfaa5ebfe17edc647747') in 0.018625 seconds
Number of updated asset objects reloaded before import = 0
Number of asset objects unloaded after import = 19
========================================================================
Received Import Request.
  Time since last request: 0.417845 seconds.
  path: Assets/CoffeeShopStarterPack/Prefabs/PW_frenchtoast_egg.prefab
  artifactKey: Guid(d69ebb5455c17482da6677eadea7a231) Importer(815301076,1909f56bfc062723c751e8b465ee728b)
Start importing Assets/CoffeeShopStarterPack/Prefabs/PW_frenchtoast_egg.prefab using Guid(d69ebb5455c17482da6677eadea7a231) Importer(815301076,1909f56bfc062723c751e8b465ee728b)  -> (artifact id: '07b3af4536877d7b26ecacd90ccc2867') in 0.008590 seconds
Number of updated asset objects reloaded before import = 0
Number of asset objects unloaded after import = 24
========================================================================
Received Import Request.
  Time since last request: 0.057835 seconds.
  path: Assets/CoffeeShopStarterPack/Prefabs/PW_frenchtoast_orange.prefab
  artifactKey: Guid(cc5131061b683423991b909eeabb9849) Importer(815301076,1909f56bfc062723c751e8b465ee728b)
Start importing Assets/CoffeeShopStarterPack/Prefabs/PW_frenchtoast_orange.prefab using Guid(cc5131061b683423991b909eeabb9849) Importer(815301076,1909f56bfc062723c751e8b465ee728b)  -> (artifact id: '1279af6702aad3acee169bbcb35bc12f') in 0.011388 seconds
Number of updated asset objects reloaded before import = 0
Number of asset objects unloaded after import = 24
========================================================================
Received Import Request.
  Time since last request: 0.003524 seconds.
  path: Assets/CoffeeShopStarterPack/Prefabs/PW_fridge.prefab
  artifactKey: Guid(05fa88b4fa377418eaac0976b320709e) Importer(815301076,1909f56bfc062723c751e8b465ee728b)
Start importing Assets/CoffeeShopStarterPack/Prefabs/PW_fridge.prefab using Guid(05fa88b4fa377418eaac0976b320709e) Importer(815301076,1909f56bfc062723c751e8b465ee728b)  -> (artifact id: 'e756d08a40738058415e304e7d434e84') in 0.011552 seconds
Number of updated asset objects reloaded before import = 0
Number of asset objects unloaded after import = 25
========================================================================
Received Import Request.
  Time since last request: 0.054584 seconds.
  path: Assets/CoffeeShopStarterPack/Prefabs/PW_macaron_tower.prefab
  artifactKey: Guid(7afe7aeeef6f6423085b55ce10305c15) Importer(815301076,1909f56bfc062723c751e8b465ee728b)
Start importing Assets/CoffeeShopStarterPack/Prefabs/PW_macaron_tower.prefab using Guid(7afe7aeeef6f6423085b55ce10305c15) Importer(815301076,1909f56bfc062723c751e8b465ee728b)  -> (artifact id: 'a7882dbe30caf302a7ec88c33f5b67dc') in 0.011627 seconds
Number of updated asset objects reloaded before import = 0
Number of asset objects unloaded after import = 10
========================================================================
Received Import Request.
  Time since last request: 0.540479 seconds.
  path: Assets/CoffeeShopStarterPack/Prefabs/PW_orangejuice.prefab
  artifactKey: Guid(8b6c44dc7c0ee401e8326e32b669a93c) Importer(815301076,1909f56bfc062723c751e8b465ee728b)
Start importing Assets/CoffeeShopStarterPack/Prefabs/PW_orangejuice.prefab using Guid(8b6c44dc7c0ee401e8326e32b669a93c) Importer(815301076,1909f56bfc062723c751e8b465ee728b)  -> (artifact id: '6b50faffc287bdbd0d16f142b91d1ed5') in 0.010514 seconds
Number of updated asset objects reloaded before import = 0
Number of asset objects unloaded after import = 25
========================================================================
Received Import Request.
  Time since last request: 0.108103 seconds.
  path: Assets/CoffeeShopStarterPack/Prefabs/PW_paper.prefab
  artifactKey: Guid(2e244810fcf8442c2ae5cd7b1f494341) Importer(815301076,1909f56bfc062723c751e8b465ee728b)
Start importing Assets/CoffeeShopStarterPack/Prefabs/PW_paper.prefab using Guid(2e244810fcf8442c2ae5cd7b1f494341) Importer(815301076,1909f56bfc062723c751e8b465ee728b)  -> (artifact id: '214e062a53181f3b16a56057b2f37ef6') in 0.008241 seconds
Number of updated asset objects reloaded before import = 0
Number of asset objects unloaded after import = 10
========================================================================
Received Import Request.
  Time since last request: 0.054037 seconds.
  path: Assets/CoffeeShopStarterPack/Prefabs/PW_plate02.prefab
  artifactKey: Guid(a8596fda882d0439389c54b698c0da6e) Importer(815301076,1909f56bfc062723c751e8b465ee728b)
Start importing Assets/CoffeeShopStarterPack/Prefabs/PW_plate02.prefab using Guid(a8596fda882d0439389c54b698c0da6e) Importer(815301076,1909f56bfc062723c751e8b465ee728b)  -> (artifact id: '4a5274358907b47e9aecdab6ae3f729c') in 0.007868 seconds
Number of updated asset objects reloaded before import = 0
Number of asset objects unloaded after import = 10
========================================================================
Received Import Request.
  Time since last request: 0.071998 seconds.
  path: Assets/CoffeeShopStarterPack/Prefabs/PW_sculent01_S.prefab
  artifactKey: Guid(cc432fe3a7a9e4db985762c1cf45d3c6) Importer(815301076,1909f56bfc062723c751e8b465ee728b)
Start importing Assets/CoffeeShopStarterPack/Prefabs/PW_sculent01_S.prefab using Guid(cc432fe3a7a9e4db985762c1cf45d3c6) Importer(815301076,1909f56bfc062723c751e8b465ee728b)  -> (artifact id: 'df778e5e7afc055428164f8b0df32212') in 0.009623 seconds
Number of updated asset objects reloaded before import = 0
Number of asset objects unloaded after import = 30
========================================================================
Received Import Request.
  Time since last request: 20.505171 seconds.
  path: Assets/CoffeeShopStarterPack/Prefabs/PW_sculent02_S.prefab
  artifactKey: Guid(1e390fa4bfb8648509b8ecf4e7237451) Importer(815301076,1909f56bfc062723c751e8b465ee728b)
Start importing Assets/CoffeeShopStarterPack/Prefabs/PW_sculent02_S.prefab using Guid(1e390fa4bfb8648509b8ecf4e7237451) Importer(815301076,1909f56bfc062723c751e8b465ee728b)  -> (artifact id: 'fd3770a9840b2863820ac402552bc191') in 0.008367 seconds
Number of updated asset objects reloaded before import = 0
Number of asset objects unloaded after import = 30
========================================================================
Received Import Request.
  Time since last request: 0.082818 seconds.
  path: Assets/CoffeeShopStarterPack/Prefabs/PW_tea_cup01.prefab
  artifactKey: Guid(cb5347f407bce459e92511942fdca089) Importer(815301076,1909f56bfc062723c751e8b465ee728b)
Start importing Assets/CoffeeShopStarterPack/Prefabs/PW_tea_cup01.prefab using Guid(cb5347f407bce459e92511942fdca089) Importer(815301076,1909f56bfc062723c751e8b465ee728b)  -> (artifact id: '344cb3c0c05c3e89ade05431a94ccd58') in 0.008111 seconds
Number of updated asset objects reloaded before import = 0
Number of asset objects unloaded after import = 24
========================================================================
Received Import Request.
  Time since last request: 0.030405 seconds.
  path: Assets/CoffeeShopStarterPack/Prefabs/PW_tea_pot.prefab
  artifactKey: Guid(da135e105813e4b9d8fe98a58bfbcb0f) Importer(815301076,1909f56bfc062723c751e8b465ee728b)
Start importing Assets/CoffeeShopStarterPack/Prefabs/PW_tea_pot.prefab using Guid(da135e105813e4b9d8fe98a58bfbcb0f) Importer(815301076,1909f56bfc062723c751e8b465ee728b)  -> (artifact id: 'dbd5f60a35f70b09404e4de9235295c7') in 0.006990 seconds
Number of updated asset objects reloaded before import = 0
Number of asset objects unloaded after import = 10
========================================================================
Received Import Request.
  Time since last request: 169.725346 seconds.
  path: Assets/Building FastFood Drinks/Materials/Blue.mat
  artifactKey: Guid(543b73524511ab3498665164eda2d4b1) Importer(815301076,1909f56bfc062723c751e8b465ee728b)
Start importing Assets/Building FastFood Drinks/Materials/Blue.mat using Guid(543b73524511ab3498665164eda2d4b1) Importer(815301076,1909f56bfc062723c751e8b465ee728b)  -> (artifact id: 'faf05e3130da30892cfb01c890c7c200') in 0.019857 seconds
Number of updated asset objects reloaded before import = 0
Number of asset objects unloaded after import = 1
========================================================================
Received Import Request.
  Time since last request: 0.784818 seconds.
  path: Assets/Building FastFood Drinks/Materials/Brick.mat
  artifactKey: Guid(c1a7866f74b57654a97e49c42bffc8a5) Importer(815301076,1909f56bfc062723c751e8b465ee728b)
Start importing Assets/Building FastFood Drinks/Materials/Brick.mat using Guid(c1a7866f74b57654a97e49c42bffc8a5) Importer(815301076,1909f56bfc062723c751e8b465ee728b)  -> (artifact id: '137b96417ac3a25877c84d9a5ccea5a2') in 0.007656 seconds
Number of updated asset objects reloaded before import = 0
Number of asset objects unloaded after import = 1
========================================================================
Received Import Request.
  Time since last request: 0.000020 seconds.
  path: Assets/Building FastFood Drinks/Materials/Red.mat
  artifactKey: Guid(f5d4aaf8e339e674c93839026746d46d) Importer(815301076,1909f56bfc062723c751e8b465ee728b)
Start importing Assets/Building FastFood Drinks/Materials/Red.mat using Guid(f5d4aaf8e339e674c93839026746d46d) Importer(815301076,1909f56bfc062723c751e8b465ee728b)  -> (artifact id: 'b5b10cee6dcfe95d7823a2768b430613') in 0.008338 seconds
Number of updated asset objects reloaded before import = 0
Number of asset objects unloaded after import = 1
========================================================================
Received Import Request.
  Time since last request: 0.000018 seconds.
  path: Assets/Building FastFood Drinks/Materials/Stone 1.mat
  artifactKey: Guid(d8ea1feda4d7e054f9b185281a1e15d0) Importer(815301076,1909f56bfc062723c751e8b465ee728b)
Start importing Assets/Building FastFood Drinks/Materials/Stone 1.mat using Guid(d8ea1feda4d7e054f9b185281a1e15d0) Importer(815301076,1909f56bfc062723c751e8b465ee728b)  -> (artifact id: '30c3769bfe72d33ea36491719bfe59d3') in 0.024742 seconds
Number of updated asset objects reloaded before import = 0
Number of asset objects unloaded after import = 2
========================================================================
Received Import Request.
  Time since last request: 0.000017 seconds.
  path: Assets/Building FastFood Drinks/Materials/sign 1.mat
  artifactKey: Guid(e5ca9cac7cd1b8b4eb5c40ad180f5fba) Importer(815301076,1909f56bfc062723c751e8b465ee728b)
Start importing Assets/Building FastFood Drinks/Materials/sign 1.mat using Guid(e5ca9cac7cd1b8b4eb5c40ad180f5fba) Importer(815301076,1909f56bfc062723c751e8b465ee728b)  -> (artifact id: '39213bfbd3b252e4101d6660d1352aeb') in 0.008276 seconds
Number of updated asset objects reloaded before import = 0
Number of asset objects unloaded after import = 1
========================================================================
Received Import Request.
  Time since last request: 0.000024 seconds.
  path: Assets/Building FastFood Drinks/Materials/sign.mat
  artifactKey: Guid(d8c47ee3d9d95ff4f81d0e209c171b1d) Importer(815301076,1909f56bfc062723c751e8b465ee728b)
Start importing Assets/Building FastFood Drinks/Materials/sign.mat using Guid(d8c47ee3d9d95ff4f81d0e209c171b1d) Importer(815301076,1909f56bfc062723c751e8b465ee728b)  -> (artifact id: '716391b9aab6232b4fb5676c18ddde57') in 0.008448 seconds
Number of updated asset objects reloaded before import = 0
Number of asset objects unloaded after import = 1
========================================================================
Received Import Request.
  Time since last request: 1.510855 seconds.
  path: Assets/Building FastFood Drinks/Prefabs/Cube (4).asset
  artifactKey: Guid(52aafac638ffb97429b893c5485d5e93) Importer(815301076,1909f56bfc062723c751e8b465ee728b)
Start importing Assets/Building FastFood Drinks/Prefabs/Cube (4).asset using Guid(52aafac638ffb97429b893c5485d5e93) Importer(815301076,1909f56bfc062723c751e8b465ee728b)  -> (artifact id: 'd3bd4fcbcd2a50028ef03f2ae2dd3203') in 0.006026 seconds
Number of updated asset objects reloaded before import = 0
Number of asset objects unloaded after import = 2
========================================================================
Received Import Request.
  Time since last request: 0.000015 seconds.
  path: Assets/Building FastFood Drinks/Prefabs/Front Sign.asset
  artifactKey: Guid(31ce8d0770ab09b4e9c71ad1c6a21cc2) Importer(815301076,1909f56bfc062723c751e8b465ee728b)
Start importing Assets/Building FastFood Drinks/Prefabs/Front Sign.asset using Guid(31ce8d0770ab09b4e9c71ad1c6a21cc2) Importer(815301076,1909f56bfc062723c751e8b465ee728b)  -> (artifact id: '220b39a0859651f6d922b52a44ca7d24') in 0.007455 seconds
Number of updated asset objects reloaded before import = 0
Number of asset objects unloaded after import = 2
========================================================================
Received Import Request.
  Time since last request: 0.000014 seconds.
  path: Assets/Building FastFood Drinks/Prefabs/Interior Sign Large.asset
  artifactKey: Guid(713694320b5ea40449479a5dd723075e) Importer(815301076,1909f56bfc062723c751e8b465ee728b)
Start importing Assets/Building FastFood Drinks/Prefabs/Interior Sign Large.asset using Guid(713694320b5ea40449479a5dd723075e) Importer(815301076,1909f56bfc062723c751e8b465ee728b)  -> (artifact id: '735935a94a6149c2f981bfeb99ab1814') in 0.005840 seconds
Number of updated asset objects reloaded before import = 0
Number of asset objects unloaded after import = 2
========================================================================
Received Import Request.
  Time since last request: 0.000015 seconds.
  path: Assets/Building FastFood Drinks/Prefabs/FastFood_Drinks.asset
  artifactKey: Guid(6b03200ca0054bc4cb3f8bed682c3384) Importer(815301076,1909f56bfc062723c751e8b465ee728b)
Start importing Assets/Building FastFood Drinks/Prefabs/FastFood_Drinks.asset using Guid(6b03200ca0054bc4cb3f8bed682c3384) Importer(815301076,1909f56bfc062723c751e8b465ee728b)  -> (artifact id: 'ff07b2d6f327707aa4626724fe65a924') in 0.007485 seconds
Number of updated asset objects reloaded before import = 0
Number of asset objects unloaded after import = 2
========================================================================
Received Import Request.
  Time since last request: 0.000018 seconds.
  path: Assets/Building FastFood Drinks/Prefabs/Monitor 2.prefab
  artifactKey: Guid(4dcae225aed9f7f449328446b170e34d) Importer(815301076,1909f56bfc062723c751e8b465ee728b)
Start importing Assets/Building FastFood Drinks/Prefabs/Monitor 2.prefab using Guid(4dcae225aed9f7f449328446b170e34d) Importer(815301076,1909f56bfc062723c751e8b465ee728b)  -> (artifact id: '00708718cbeb5f8c63d8608bc3bccefc') in 0.007023 seconds
Number of updated asset objects reloaded before import = 0
Number of asset objects unloaded after import = 10
========================================================================
Received Import Request.
  Time since last request: 0.000013 seconds.
  path: Assets/Building FastFood Drinks/Prefabs/Monitor.asset
  artifactKey: Guid(2e232366387e69e459c5d9fb9ef7e52f) Importer(815301076,1909f56bfc062723c751e8b465ee728b)
Start importing Assets/Building FastFood Drinks/Prefabs/Monitor.asset using Guid(2e232366387e69e459c5d9fb9ef7e52f) Importer(815301076,1909f56bfc062723c751e8b465ee728b)  -> (artifact id: 'b2a5d5afc2bb995f06fe723fde5ab9da') in 0.005990 seconds
Number of updated asset objects reloaded before import = 0
Number of asset objects unloaded after import = 2
========================================================================
Received Import Request.
  Time since last request: 0.000017 seconds.
  path: Assets/Building FastFood Drinks/Prefabs/Recycle.asset
  artifactKey: Guid(983b16b658a6d3046833968135511d6b) Importer(815301076,1909f56bfc062723c751e8b465ee728b)
Start importing Assets/Building FastFood Drinks/Prefabs/Recycle.asset using Guid(983b16b658a6d3046833968135511d6b) Importer(815301076,1909f56bfc062723c751e8b465ee728b)  -> (artifact id: 'a6bf5480c857e95df4523ab4c00d95d7') in 0.007129 seconds
Number of updated asset objects reloaded before import = 0
Number of asset objects unloaded after import = 2
========================================================================
Received Import Request.
  Time since last request: 0.000013 seconds.
  path: Assets/Building FastFood Drinks/Prefabs/Monitor 1.asset
  artifactKey: Guid(f152039b4080e30458f807cf8410bf6f) Importer(815301076,1909f56bfc062723c751e8b465ee728b)
Start importing Assets/Building FastFood Drinks/Prefabs/Monitor 1.asset using Guid(f152039b4080e30458f807cf8410bf6f) Importer(815301076,1909f56bfc062723c751e8b465ee728b)  -> (artifact id: 'f99f31ff7c0f53f0be7c607e4055270d') in 0.005544 seconds
Number of updated asset objects reloaded before import = 0
Number of asset objects unloaded after import = 2
========================================================================
Received Import Request.
  Time since last request: 0.000017 seconds.
  path: Assets/Building FastFood Drinks/Prefabs/Window Sign.prefab
  artifactKey: Guid(9fb6d077367f9c244b28c14111fe0bfd) Importer(815301076,1909f56bfc062723c751e8b465ee728b)
Start importing Assets/Building FastFood Drinks/Prefabs/Window Sign.prefab using Guid(9fb6d077367f9c244b28c14111fe0bfd) Importer(815301076,1909f56bfc062723c751e8b465ee728b)  -> (artifact id: '3d2dd2f09100241b863585225f7fb93b') in 0.009071 seconds
Number of updated asset objects reloaded before import = 0
Number of asset objects unloaded after import = 12
========================================================================
Received Import Request.
  Time since last request: 0.000014 seconds.
  path: Assets/Building FastFood Drinks/Prefabs/sign 1.asset
  artifactKey: Guid(45e0575d149a83e46b3bcbb0b165bd53) Importer(815301076,1909f56bfc062723c751e8b465ee728b)
Start importing Assets/Building FastFood Drinks/Prefabs/sign 1.asset using Guid(45e0575d149a83e46b3bcbb0b165bd53) Importer(815301076,1909f56bfc062723c751e8b465ee728b)  -> (artifact id: '3641376442e98d63228a5ccdfbe09543') in 0.005503 seconds
Number of updated asset objects reloaded before import = 0
Number of asset objects unloaded after import = 2
========================================================================
Received Import Request.
  Time since last request: 0.000014 seconds.
  path: Assets/Building FastFood Drinks/Prefabs/Monitor 2.asset
  artifactKey: Guid(4945d5f788dd27644b73fdab94476ef2) Importer(815301076,1909f56bfc062723c751e8b465ee728b)
Start importing Assets/Building FastFood Drinks/Prefabs/Monitor 2.asset using Guid(4945d5f788dd27644b73fdab94476ef2) Importer(815301076,1909f56bfc062723c751e8b465ee728b)  -> (artifact id: '26274ee9d522392cf11481ab760b2b67') in 0.005838 seconds
Number of updated asset objects reloaded before import = 0
Number of asset objects unloaded after import = 2
========================================================================
Received Import Request.
  Time since last request: 0.000019 seconds.
  path: Assets/Building FastFood Drinks/Prefabs/Interior Sign Large.prefab
  artifactKey: Guid(1d75551dc1cd90d4ead8f8b1ad99b1ce) Importer(815301076,1909f56bfc062723c751e8b465ee728b)
Start importing Assets/Building FastFood Drinks/Prefabs/Interior Sign Large.prefab using Guid(1d75551dc1cd90d4ead8f8b1ad99b1ce) Importer(815301076,1909f56bfc062723c751e8b465ee728b)  -> (artifact id: '765d74d7ad5cb7d4dbc0d3c312f902e6') in 0.007778 seconds
Number of updated asset objects reloaded before import = 0
Number of asset objects unloaded after import = 11
========================================================================
Received Import Request.
  Time since last request: 0.000015 seconds.
  path: Assets/Building FastFood Drinks/Prefabs/Soda Machine.prefab
  artifactKey: Guid(7e3d66bbdd2f80443b188ce179626eb5) Importer(815301076,1909f56bfc062723c751e8b465ee728b)
Start importing Assets/Building FastFood Drinks/Prefabs/Soda Machine.prefab using Guid(7e3d66bbdd2f80443b188ce179626eb5) Importer(815301076,1909f56bfc062723c751e8b465ee728b)  -> (artifact id: '7d0b60f5c7a95a6a9f2ac8577a365a5a') in 0.009026 seconds
Number of updated asset objects reloaded before import = 0
Number of asset objects unloaded after import = 11
========================================================================
Received Import Request.
  Time since last request: 0.000017 seconds.
  path: Assets/Building FastFood Drinks/Prefabs/Window Sign.asset
  artifactKey: Guid(e6b805e372e8d4b46ab6b0695fb07951) Importer(815301076,1909f56bfc062723c751e8b465ee728b)
Start importing Assets/Building FastFood Drinks/Prefabs/Window Sign.asset using Guid(e6b805e372e8d4b46ab6b0695fb07951) Importer(815301076,1909f56bfc062723c751e8b465ee728b)  -> (artifact id: '2835a5e41873111befefc45cfccbd53d') in 0.007315 seconds
Number of updated asset objects reloaded before import = 0
Number of asset objects unloaded after import = 2
========================================================================
Received Import Request.
  Time since last request: 0.000015 seconds.
  path: Assets/Building FastFood Drinks/Prefabs/Front Sign.prefab
  artifactKey: Guid(d2caed97bdf02304fb8d8fd477ad75c4) Importer(815301076,1909f56bfc062723c751e8b465ee728b)
Start importing Assets/Building FastFood Drinks/Prefabs/Front Sign.prefab using Guid(d2caed97bdf02304fb8d8fd477ad75c4) Importer(815301076,1909f56bfc062723c751e8b465ee728b)  -> (artifact id: '7b7f9aaeacd4513576f5f02f0f988002') in 0.009916 seconds
Number of updated asset objects reloaded before import = 0
Number of asset objects unloaded after import = 16
========================================================================
Received Import Request.
  Time since last request: 0.000021 seconds.
  path: Assets/Building FastFood Drinks/Prefabs/Monitor 1.prefab
  artifactKey: Guid(4026742f9b36c174bba05363aec0bb21) Importer(815301076,1909f56bfc062723c751e8b465ee728b)
Start importing Assets/Building FastFood Drinks/Prefabs/Monitor 1.prefab using Guid(4026742f9b36c174bba05363aec0bb21) Importer(815301076,1909f56bfc062723c751e8b465ee728b)  -> (artifact id: '495fd8f14dd7cff49b5e5056d6b6f241') in 0.008336 seconds
Number of updated asset objects reloaded before import = 0
Number of asset objects unloaded after import = 10
========================================================================
Received Import Request.
  Time since last request: 43.474267 seconds.
  path: Assets/Building FastFood Drinks/Textures/Pixel_Stripe_vertical_diffuseOriginal.png
  artifactKey: Guid(d23aff571cc90d443be329bbb503180c) Importer(815301076,1909f56bfc062723c751e8b465ee728b)
Start importing Assets/Building FastFood Drinks/Textures/Pixel_Stripe_vertical_diffuseOriginal.png using Guid(d23aff571cc90d443be329bbb503180c) Importer(815301076,1909f56bfc062723c751e8b465ee728b)  -> (artifact id: 'c0dbfe4bf7cc0dc99e049d23ec67b6e6') in 0.018814 seconds
Number of updated asset objects reloaded before import = 0
Number of asset objects unloaded after import = 2
========================================================================
Received Import Request.
  Time since last request: 0.000013 seconds.
  path: Assets/Building FastFood Drinks/Textures/stone_2_diffuseOriginal.png
  artifactKey: Guid(0fe371ce43adaf342b07d01fc1812278) Importer(815301076,1909f56bfc062723c751e8b465ee728b)
Start importing Assets/Building FastFood Drinks/Textures/stone_2_diffuseOriginal.png using Guid(0fe371ce43adaf342b07d01fc1812278) Importer(815301076,1909f56bfc062723c751e8b465ee728b)  -> (artifact id: '1234670681c81271581ad6776547a29a') in 0.012308 seconds
Number of updated asset objects reloaded before import = 0
Number of asset objects unloaded after import = 2
========================================================================
Received Prepare
Refreshing native plugins compatible for Editor in 2.71 ms, found 3 plugins.
Preloading 0 native plugins for Editor in 0.00 ms.
Unloading 0 Unused Serialized files (Serialized files now loaded: 0)
Unloading 2 unused Assets / (1.6 KB). Loaded Objects now: 3624.
Memory consumption went from 79.9 MB to 79.9 MB.
Total: 4.197600 ms (FindLiveObjects: 0.250100 ms CreateObjectMapping: 0.328000 ms MarkObjects: 3.588400 ms  DeleteObjects: 0.030200 ms)

Prepare: number of updated asset objects reloaded= 0
AssetImportParameters requested are different than current active one (requested -> active):
  custom:container-demuxer-ogg: 62fdf1f143b41e24485cea50d1cbac27 -> 
  custom:video-codec-MediaFoundation-h265: 746d11721c4dcdbdad8f713fa42b33f4 -> 
  custom:video-decoder-ogg-theora: a1e56fd34408186e4bbccfd4996cb3dc -> 
  custom:framework-win-MediaFoundation: 216162199b28c13a410421893ffa2e32 -> 
  custom:CustomObjectIndexerAttribute: 756ad292c208cfabdd7b50bc23989ffe -> 
  custom:container-demuxer-webm: 4f35f7cbe854078d1ac9338744f61a02 -> 
  custom:container-muxer-webm: aa71ff27fc2769a1b78a27578f13a17b -> 
  custom:video-decoder-webm-vp8: 9c59270c3fd7afecdb556c50c9e8de78 -> 
  custom:SearchIndexIgnoredProperties: e643bd26f0fe6173181afceb89e7c659 -> 
  custom:AudioImporter_EditorPlatform: d09bf68614088b80899f8185d706f6e7 -> 
  custom:video-encoder-webm-vp8: eb34c28f22e8b96e1ab97ce403110664 -> 
  custom:audio-decoder-ogg-vorbis: bf7c407c2cedff20999df2af8eb42d56 -> 
  custom:audio-encoder-webm-vorbis: bf7c407c2cedff20999df2af8eb42d56 -> 
